#
# A fatal error has been detected by the Java Runtime Environment:
#
#  EXCEPTION_ACCESS_VIOLATION (0xc0000005) at pc=0x00007fff399c2777, pid=32112, tid=20288
#
# JRE version: OpenJDK Runtime Environment AdoptOpenJDK (11.0.8+10) (build 11.0.8+10)
# Java VM: OpenJDK 64-Bit Server VM AdoptOpenJDK (11.0.8+10, mixed mode, tiered, compressed oops, g1 gc, windows-amd64)
# Problematic frame:
# C  [ig9icd64.dll+0x12777]
#
# No core dump will be written. Minidumps are not enabled by default on client versions of Windows
#
# If you would like to submit a bug report, please visit:
#   https://github.com/AdoptOpenJDK/openjdk-support/issues
# The crash happened outside the Java Virtual Machine in native code.
# See problematic frame for where to report the bug.
#

---------------  S U M M A R Y ------------

Command Line: Main.PokeHES

Host: Intel(R) Core(TM) i7-8650U CPU @ 1.90GHz, 8 cores, 15G,  Windows 10 , 64 bit Build 19041 (10.0.19041.1706)
Time: Sat Jun 18 00:21:21 2022 Europe de l’Ouest (heure d’été) elapsed time: 13 seconds (0d 0h 0m 13s)

---------------  T H R E A D  ---------------

Current thread (0x000001e64e02b800):  JavaThread "LWJGL Application" [_thread_in_native, id=20288, stack(0x000000e2f1d00000,0x000000e2f1e00000)]

Stack: [0x000000e2f1d00000,0x000000e2f1e00000],  sp=0x000000e2f1dfeae0,  free space=1018k
Native frames: (J=compiled Java code, j=interpreted, Vv=VM code, C=native code)
C  [ig9icd64.dll+0x12777]

Java frames: (J=compiled Java code, j=interpreted, Vv=VM code)
J 1595  org.lwjgl.opengl.GL11.nglClear(IJ)V (0 bytes) @ 0x000001e638d14414 [0x000001e638d143c0+0x0000000000000054]
J 1600 c1 ch.hevs.gdx2d.lib.GdxGraphics.clear(Lcom/badlogic/gdx/graphics/Color;)V (36 bytes) @ 0x000001e631aa29c4 [0x000001e631aa2000+0x00000000000009c4]
J 1584 c1 Main.PokeHES.onGraphicRender(Lch/hevs/gdx2d/lib/GdxGraphics;)V (628 bytes) @ 0x000001e631a94c4c [0x000001e631a93d20+0x0000000000000f2c]
j  ch.hevs.gdx2d.desktop.Game2D.render()V+13
j  com.badlogic.gdx.backends.lwjgl.LwjglApplication.mainLoop()V+698
j  com.badlogic.gdx.backends.lwjgl.LwjglApplication$1.run()V+27
v  ~StubRoutines::call_stub

siginfo: EXCEPTION_ACCESS_VIOLATION (0xc0000005), writing address 0x000001e650cd0000


Register to memory mapping:

RIP=0x00007fff399c2777 ig9icd64.dll
RAX=0x00000000680b0000 is an unknown value
RBX=0x000001e64e1bcc10 points into unknown readable memory: 00 00 00 00 00 00 00 00
RCX=0x000001e650cd0000 is an unknown value
RDX=0x00007fff3a8a55d0 ig9icd64.dll
RSP=0x000000e2f1dfeae0 is pointing into the stack for thread: 0x000001e64e02b800
RBP=0x000001e64e1880c0 points into unknown readable memory: 00 04 13 4e e6 01 00 00
RSI=0x0000000000000320 is an unknown value
RDI=0x0 is NULL
R8 =0x0000000000000004 is an unknown value
R9 =0x0 is NULL
R10=0x000000018000c340 lwjgl64.dll
R11=0x000000e2f1dfec00 is pointing into the stack for thread: 0x000001e64e02b800
R12=0x0 is NULL
R13=0x000001e631a94c4c is at entry_point+3884 in (nmethod*)0x000001e631a93490
R14=0x000001e64e3b9f60 points into unknown readable memory: 00 00 00 00 00 01 00 00
R15=0x0 is NULL


Registers:
RAX=0x00000000680b0000, RBX=0x000001e64e1bcc10, RCX=0x000001e650cd0000, RDX=0x00007fff3a8a55d0
RSP=0x000000e2f1dfeae0, RBP=0x000001e64e1880c0, RSI=0x0000000000000320, RDI=0x0000000000000000
R8 =0x0000000000000004, R9 =0x0000000000000000, R10=0x000000018000c340, R11=0x000000e2f1dfec00
R12=0x0000000000000000, R13=0x000001e631a94c4c, R14=0x000001e64e3b9f60, R15=0x0000000000000000
RIP=0x00007fff399c2777, EFLAGS=0x0000000000010202

Top of Stack: (sp=0x000000e2f1dfeae0)
0x000000e2f1dfeae0:   0000000000000007 0000000000000000
0x000000e2f1dfeaf0:   0000000000000001 000001e64e1c0230
0x000000e2f1dfeb00:   000001e64e1880c0 00007fff3a248fbf
0x000000e2f1dfeb10:   000000e2f1dfebe0 0000000000000003
0x000000e2f1dfeb20:   000000e2f1dfebf0 0000000000000320
0x000000e2f1dfeb30:   000000e200000320 0000000000000320
0x000000e2f1dfeb40:   000000e2f1dfeb60 0000000000000007
0x000000e2f1dfeb50:   0000000000000001 3f80000000000000
0x000000e2f1dfeb60:   0000000000000000 3f80000000000000
0x000000e2f1dfeb70:   0000000000004000 000001e64e1880c0
0x000000e2f1dfeb80:   0000000000000320 0000000000000320
0x000000e2f1dfeb90:   000000e2f1dfec50 00007fff3a38db5a
0x000000e2f1dfeba0:   0000000000000000 0000000000000000
0x000000e2f1dfebb0:   000000003f800000 0000000000000000
0x000000e2f1dfebc0:   00007fff00000000 00007fff00000320
0x000000e2f1dfebd0:   000000e200000320 0000000000000002 

Instructions: (pc=0x00007fff399c2777)
0x00007fff399c2677:   83 c2 27 49 2b c8 48 8d 41 f8 48 83 f8 1f 77 21
0x00007fff399c2687:   49 8b c8 e8 99 bc 4f 00 48 c7 43 10 00 00 00 00
0x00007fff399c2697:   48 c7 43 18 0f 00 00 00 c6 03 00 48 83 c4 20 5b
0x00007fff399c26a7:   c3 e8 0f 79 50 00 cc cc cc e9 9b ff ff ff cc cc
0x00007fff399c26b7:   cc cc cc cc cc cc cc cc cc 48 8d 05 21 30 ef 00
0x00007fff399c26c7:   c3 cc cc cc cc cc cc cc cc 4c 89 44 24 18 4c 89
0x00007fff399c26d7:   4c 24 20 53 55 56 57 48 83 ec 38 49 8b f0 48 8d
0x00007fff399c26e7:   6c 24 78 48 8b da 48 8b f9 e8 cb ff ff ff 48 89
0x00007fff399c26f7:   6c 24 28 4c 8b ce 4c 8b c3 48 c7 44 24 20 00 00
0x00007fff399c2707:   00 00 48 8b d7 48 8b 08 e8 98 71 50 00 85 c0 b9
0x00007fff399c2717:   ff ff ff ff 0f 48 c1 48 83 c4 38 5f 5e 5d 5b c3
0x00007fff399c2727:   cc cc cc cc cc cc cc cc cc 48 83 ec 28 4d 85 c0
0x00007fff399c2737:   0f 84 60 04 00 00 49 83 f8 04 77 3b 49 83 f8 01
0x00007fff399c2747:   75 0a 0f b6 02 88 01 48 83 c4 28 c3 49 83 f8 02
0x00007fff399c2757:   0f 84 3a 04 00 00 49 83 f8 03 75 12 0f b7 02 66
0x00007fff399c2767:   89 01 0f b6 42 02 88 41 02 48 83 c4 28 c3 8b 02
0x00007fff399c2777:   89 01 48 83 c4 28 c3 49 83 f8 08 76 2f f6 c1 03
0x00007fff399c2787:   74 2a f6 c1 01 74 0e 0f b6 02 49 ff c8 88 01 48
0x00007fff399c2797:   ff c1 48 ff c2 f6 c1 02 74 12 0f b7 02 49 83 e8
0x00007fff399c27a7:   02 66 89 01 48 83 c1 02 48 83 c2 02 49 83 f8 40
0x00007fff399c27b7:   0f 87 88 00 00 00 49 8b c0 48 83 e0 fc 48 03 c8
0x00007fff399c27c7:   48 03 d0 49 8b c0 48 c1 e8 02 48 ff c8 48 83 f8
0x00007fff399c27d7:   0f 0f 87 9f 03 00 00 4c 8d 0d 1b d8 fe ff 41 8b
0x00007fff399c27e7:   84 81 a4 2b 01 00 49 03 c1 ff e0 8b 42 c0 89 41
0x00007fff399c27f7:   c0 8b 42 c4 89 41 c4 8b 42 c8 89 41 c8 8b 42 cc
0x00007fff399c2807:   89 41 cc 8b 42 d0 89 41 d0 8b 42 d4 89 41 d4 8b
0x00007fff399c2817:   42 d8 89 41 d8 8b 42 dc 89 41 dc 8b 42 e0 89 41
0x00007fff399c2827:   e0 8b 42 e4 89 41 e4 8b 42 e8 89 41 e8 8b 42 ec
0x00007fff399c2837:   89 41 ec 8b 42 f0 89 41 f0 e9 26 03 00 00 48 8b
0x00007fff399c2847:   c1 83 e0 0f 74 3d 41 b9 10 00 00 00 4c 2b c8 49
0x00007fff399c2857:   8b c1 49 03 c9 48 c1 e8 02 49 03 d1 48 83 e8 01
0x00007fff399c2867:   74 18 48 83 e8 01 74 0c 48 83 f8 01 75 12 8b 42 


Stack slot to memory mapping:
stack at sp + 0 slots: 0x0000000000000007 is an unknown value
stack at sp + 1 slots: 0x0 is NULL
stack at sp + 2 slots: 0x0000000000000001 is an unknown value
stack at sp + 3 slots: 0x000001e64e1c0230 points into unknown readable memory: 01 00 00 00 ff ff ff ff
stack at sp + 4 slots: 0x000001e64e1880c0 points into unknown readable memory: 00 04 13 4e e6 01 00 00
stack at sp + 5 slots: 0x00007fff3a248fbf ig9icd64.dll
stack at sp + 6 slots: 0x000000e2f1dfebe0 is pointing into the stack for thread: 0x000001e64e02b800
stack at sp + 7 slots: 0x0000000000000003 is an unknown value


---------------  P R O C E S S  ---------------

Threads class SMR info:
_java_thread_list=0x000001e656937210, length=12, elements={
0x000001e64ce93000, 0x000001e64d74c800, 0x000001e64d7a8000, 0x000001e64d7a9000,
0x000001e64d7ab000, 0x000001e64d7b4000, 0x000001e64d7b8800, 0x000001e64d926800,
0x000001e64d92e800, 0x000001e64e02b800, 0x000001e6272da000, 0x000001e656887800
}

Java Threads: ( => current thread )
  0x000001e64ce93000 JavaThread "Reference Handler" daemon [_thread_blocked, id=28476, stack(0x000000e2f0f00000,0x000000e2f1000000)]
  0x000001e64d74c800 JavaThread "Finalizer" daemon [_thread_blocked, id=24496, stack(0x000000e2f1000000,0x000000e2f1100000)]
  0x000001e64d7a8000 JavaThread "Signal Dispatcher" daemon [_thread_blocked, id=9520, stack(0x000000e2f1100000,0x000000e2f1200000)]
  0x000001e64d7a9000 JavaThread "Attach Listener" daemon [_thread_blocked, id=23980, stack(0x000000e2f1200000,0x000000e2f1300000)]
  0x000001e64d7ab000 JavaThread "C2 CompilerThread0" daemon [_thread_blocked, id=9100, stack(0x000000e2f1300000,0x000000e2f1400000)]
  0x000001e64d7b4000 JavaThread "C1 CompilerThread0" daemon [_thread_blocked, id=16400, stack(0x000000e2f1400000,0x000000e2f1500000)]
  0x000001e64d7b8800 JavaThread "Sweeper thread" daemon [_thread_blocked, id=16004, stack(0x000000e2f1500000,0x000000e2f1600000)]
  0x000001e64d926800 JavaThread "Service Thread" daemon [_thread_blocked, id=18716, stack(0x000000e2f1600000,0x000000e2f1700000)]
  0x000001e64d92e800 JavaThread "Common-Cleaner" daemon [_thread_blocked, id=17044, stack(0x000000e2f1800000,0x000000e2f1900000)]
=>0x000001e64e02b800 JavaThread "LWJGL Application" [_thread_in_native, id=20288, stack(0x000000e2f1d00000,0x000000e2f1e00000)]
  0x000001e6272da000 JavaThread "DestroyJavaVM" [_thread_blocked, id=23952, stack(0x000000e2f0800000,0x000000e2f0900000)]
  0x000001e656887800 JavaThread "LWJGL Timer" daemon [_thread_blocked, id=29292, stack(0x000000e2f2f00000,0x000000e2f3000000)]

Other Threads:
  0x000001e64ce8c000 VMThread "VM Thread" [stack: 0x000000e2f0e00000,0x000000e2f0f00000] [id=29176]
  0x000001e64d927000 WatcherThread [stack: 0x000000e2f1700000,0x000000e2f1800000] [id=3000]
  0x000001e6272f3000 GCTaskThread "GC Thread#0" [stack: 0x000000e2f0900000,0x000000e2f0a00000] [id=10536]
  0x000001e656a10000 GCTaskThread "GC Thread#1" [stack: 0x000000e2f2600000,0x000000e2f2700000] [id=16760]
  0x000001e656b15800 GCTaskThread "GC Thread#2" [stack: 0x000000e2f2700000,0x000000e2f2800000] [id=804]
  0x000001e656948800 GCTaskThread "GC Thread#3" [stack: 0x000000e2f2800000,0x000000e2f2900000] [id=29912]
  0x000001e65681d800 GCTaskThread "GC Thread#4" [stack: 0x000000e2f2900000,0x000000e2f2a00000] [id=29660]
  0x000001e656417000 GCTaskThread "GC Thread#5" [stack: 0x000000e2f2a00000,0x000000e2f2b00000] [id=6252]
  0x000001e627350800 ConcurrentGCThread "G1 Main Marker" [stack: 0x000000e2f0a00000,0x000000e2f0b00000] [id=28644]
  0x000001e627352000 ConcurrentGCThread "G1 Conc#0" [stack: 0x000000e2f0b00000,0x000000e2f0c00000] [id=32612]
  0x000001e64cd79800 ConcurrentGCThread "G1 Refine#0" [stack: 0x000000e2f0c00000,0x000000e2f0d00000] [id=29376]
  0x000001e656bee000 ConcurrentGCThread "G1 Refine#1" [stack: 0x000000e2f2200000,0x000000e2f2300000] [id=12204]
  0x000001e64e09a000 ConcurrentGCThread "G1 Refine#2" [stack: 0x000000e2f2500000,0x000000e2f2600000] [id=15440]
  0x000001e64e71f000 ConcurrentGCThread "G1 Refine#3" [stack: 0x000000e2f2b00000,0x000000e2f2c00000] [id=15236]
  0x000001e65709b000 ConcurrentGCThread "G1 Refine#4" [stack: 0x000000e2f2c00000,0x000000e2f2d00000] [id=13552]
  0x000001e656834800 ConcurrentGCThread "G1 Refine#5" [stack: 0x000000e2f2d00000,0x000000e2f2e00000] [id=27432]
  0x000001e656b0e800 ConcurrentGCThread "G1 Refine#6" [stack: 0x000000e2f2e00000,0x000000e2f2f00000] [id=30732]
  0x000001e64cd7b800 ConcurrentGCThread "G1 Young RemSet Sampling" [stack: 0x000000e2f0d00000,0x000000e2f0e00000] [id=10444]

Threads with active compile tasks:

VM state:not at safepoint (normal execution)

VM Mutex/Monitor currently owned by a thread: None

Heap address: 0x0000000701400000, size: 4076 MB, Compressed Oops mode: Zero based, Oop shift amount: 3
Narrow klass base: 0x0000000800000000, Narrow klass shift: 0
Compressed class space size: 1073741824 Address: 0x0000000800000000

Heap:
 garbage-first heap   total 262144K, used 78430K [0x0000000701400000, 0x0000000800000000)
  region size 1024K, 31 young (31744K), 9 survivors (9216K)
 Metaspace       used 12487K, capacity 12630K, committed 12928K, reserved 1060864K
  class space    used 1024K, capacity 1064K, committed 1152K, reserved 1048576K
Heap Regions: E=young(eden), S=young(survivor), O=old, HS=humongous(starts), HC=humongous(continues), CS=collection set, F=free, A=archive, TAMS=top-at-mark-start (previous, next)
|   0|0x0000000701400000, 0x0000000701400000, 0x0000000701500000|  0%| F|  |TAMS 0x0000000701400000, 0x0000000701400000| Untracked 
|   1|0x0000000701500000, 0x0000000701600000, 0x0000000701600000|100%| O|  |TAMS 0x0000000701500000, 0x0000000701500000| Untracked 
|   2|0x0000000701600000, 0x0000000701700000, 0x0000000701700000|100%| O|  |TAMS 0x0000000701600000, 0x0000000701600000| Untracked 
|   3|0x0000000701700000, 0x0000000701800000, 0x0000000701800000|100%| O|  |TAMS 0x0000000701700000, 0x0000000701700000| Untracked 
|   4|0x0000000701800000, 0x0000000701900000, 0x0000000701900000|100%| O|  |TAMS 0x0000000701800000, 0x0000000701800000| Untracked 
|   5|0x0000000701900000, 0x0000000701a00000, 0x0000000701a00000|100%| O|  |TAMS 0x0000000701900000, 0x0000000701900000| Untracked 
|   6|0x0000000701a00000, 0x0000000701b00000, 0x0000000701b00000|100%| O|  |TAMS 0x0000000701a00000, 0x0000000701a00000| Untracked 
|   7|0x0000000701b00000, 0x0000000701c00000, 0x0000000701c00000|100%| O|  |TAMS 0x0000000701b00000, 0x0000000701b00000| Untracked 
|   8|0x0000000701c00000, 0x0000000701d00000, 0x0000000701d00000|100%| O|  |TAMS 0x0000000701c00000, 0x0000000701c00000| Untracked 
|   9|0x0000000701d00000, 0x0000000701e00000, 0x0000000701e00000|100%| O|  |TAMS 0x0000000701d00000, 0x0000000701d00000| Untracked 
|  10|0x0000000701e00000, 0x0000000701f00000, 0x0000000701f00000|100%| O|  |TAMS 0x0000000701e00000, 0x0000000701e00000| Untracked 
|  11|0x0000000701f00000, 0x0000000702000000, 0x0000000702000000|100%| O|  |TAMS 0x0000000701f00000, 0x0000000701f00000| Untracked 
|  12|0x0000000702000000, 0x0000000702100000, 0x0000000702100000|100%| O|  |TAMS 0x0000000702000000, 0x0000000702000000| Untracked 
|  13|0x0000000702100000, 0x0000000702200000, 0x0000000702200000|100%| O|  |TAMS 0x0000000702100000, 0x0000000702100000| Untracked 
|  14|0x0000000702200000, 0x0000000702300000, 0x0000000702300000|100%| O|  |TAMS 0x0000000702200000, 0x0000000702200000| Untracked 
|  15|0x0000000702300000, 0x0000000702400000, 0x0000000702400000|100%| O|  |TAMS 0x0000000702300000, 0x0000000702300000| Untracked 
|  16|0x0000000702400000, 0x0000000702500000, 0x0000000702500000|100%| O|  |TAMS 0x0000000702400000, 0x0000000702400000| Untracked 
|  17|0x0000000702500000, 0x0000000702600000, 0x0000000702600000|100%| O|  |TAMS 0x0000000702500000, 0x0000000702500000| Untracked 
|  18|0x0000000702600000, 0x0000000702700000, 0x0000000702700000|100%| O|  |TAMS 0x0000000702600000, 0x0000000702600000| Untracked 
|  19|0x0000000702700000, 0x0000000702800000, 0x0000000702800000|100%| O|  |TAMS 0x0000000702700000, 0x0000000702700000| Untracked 
|  20|0x0000000702800000, 0x0000000702900000, 0x0000000702900000|100%| O|  |TAMS 0x0000000702800000, 0x0000000702800000| Untracked 
|  21|0x0000000702900000, 0x0000000702a00000, 0x0000000702a00000|100%| O|  |TAMS 0x0000000702900000, 0x0000000702900000| Untracked 
|  22|0x0000000702a00000, 0x0000000702b00000, 0x0000000702b00000|100%| O|  |TAMS 0x0000000702a00000, 0x0000000702a00000| Untracked 
|  23|0x0000000702b00000, 0x0000000702b00000, 0x0000000702c00000|  0%| F|  |TAMS 0x0000000702b00000, 0x0000000702b00000| Untracked 
|  24|0x0000000702c00000, 0x0000000702c00000, 0x0000000702d00000|  0%| F|  |TAMS 0x0000000702c00000, 0x0000000702c00000| Untracked 
|  25|0x0000000702d00000, 0x0000000702d00000, 0x0000000702e00000|  0%| F|  |TAMS 0x0000000702d00000, 0x0000000702d00000| Untracked 
|  26|0x0000000702e00000, 0x0000000702e00000, 0x0000000702f00000|  0%| F|  |TAMS 0x0000000702e00000, 0x0000000702e00000| Untracked 
|  27|0x0000000702f00000, 0x0000000702f00000, 0x0000000703000000|  0%| F|  |TAMS 0x0000000702f00000, 0x0000000702f00000| Untracked 
|  28|0x0000000703000000, 0x0000000703000000, 0x0000000703100000|  0%| F|  |TAMS 0x0000000703000000, 0x0000000703000000| Untracked 
|  29|0x0000000703100000, 0x0000000703100000, 0x0000000703200000|  0%| F|  |TAMS 0x0000000703100000, 0x0000000703100000| Untracked 
|  30|0x0000000703200000, 0x0000000703200000, 0x0000000703300000|  0%| F|  |TAMS 0x0000000703200000, 0x0000000703200000| Untracked 
|  31|0x0000000703300000, 0x0000000703300000, 0x0000000703400000|  0%| F|  |TAMS 0x0000000703300000, 0x0000000703300000| Untracked 
|  32|0x0000000703400000, 0x0000000703500000, 0x0000000703500000|100%| O|  |TAMS 0x0000000703400000, 0x0000000703400000| Untracked 
|  33|0x0000000703500000, 0x0000000703600000, 0x0000000703600000|100%| O|  |TAMS 0x0000000703500000, 0x0000000703500000| Untracked 
|  34|0x0000000703600000, 0x0000000703600000, 0x0000000703700000|  0%| F|  |TAMS 0x0000000703600000, 0x0000000703600000| Untracked 
|  35|0x0000000703700000, 0x0000000703800000, 0x0000000703800000|100%| O|  |TAMS 0x0000000703700000, 0x0000000703700000| Untracked 
|  36|0x0000000703800000, 0x0000000703900000, 0x0000000703900000|100%| O|  |TAMS 0x0000000703800000, 0x0000000703800000| Untracked 
|  37|0x0000000703900000, 0x0000000703a00000, 0x0000000703a00000|100%| O|  |TAMS 0x0000000703900000, 0x0000000703900000| Untracked 
|  38|0x0000000703a00000, 0x0000000703b00000, 0x0000000703b00000|100%| O|  |TAMS 0x0000000703a00000, 0x0000000703a00000| Untracked 
|  39|0x0000000703b00000, 0x0000000703c00000, 0x0000000703c00000|100%| O|  |TAMS 0x0000000703b00000, 0x0000000703b00000| Untracked 
|  40|0x0000000703c00000, 0x0000000703d00000, 0x0000000703d00000|100%| O|  |TAMS 0x0000000703c00000, 0x0000000703c00000| Untracked 
|  41|0x0000000703d00000, 0x0000000703e00000, 0x0000000703e00000|100%| O|  |TAMS 0x0000000703d00000, 0x0000000703d00000| Untracked 
|  42|0x0000000703e00000, 0x0000000703f00000, 0x0000000703f00000|100%| O|  |TAMS 0x0000000703e00000, 0x0000000703e00000| Untracked 
|  43|0x0000000703f00000, 0x0000000704000000, 0x0000000704000000|100%| O|  |TAMS 0x0000000703f00000, 0x0000000703f00000| Untracked 
|  44|0x0000000704000000, 0x0000000704100000, 0x0000000704100000|100%| O|  |TAMS 0x0000000704000000, 0x0000000704000000| Untracked 
|  45|0x0000000704100000, 0x0000000704100000, 0x0000000704200000|  0%| F|  |TAMS 0x0000000704100000, 0x0000000704100000| Untracked 
|  46|0x0000000704200000, 0x0000000704300000, 0x0000000704300000|100%| O|  |TAMS 0x0000000704200000, 0x0000000704200000| Untracked 
|  47|0x0000000704300000, 0x0000000704400000, 0x0000000704400000|100%| O|  |TAMS 0x0000000704300000, 0x0000000704300000| Untracked 
|  48|0x0000000704400000, 0x0000000704500000, 0x0000000704500000|100%| O|  |TAMS 0x0000000704400000, 0x0000000704400000| Untracked 
|  49|0x0000000704500000, 0x0000000704600000, 0x0000000704600000|100%| O|  |TAMS 0x0000000704500000, 0x0000000704500000| Untracked 
|  50|0x0000000704600000, 0x0000000704700000, 0x0000000704700000|100%| O|  |TAMS 0x0000000704600000, 0x0000000704600000| Untracked 
|  51|0x0000000704700000, 0x0000000704800000, 0x0000000704800000|100%| O|  |TAMS 0x0000000704700000, 0x0000000704700000| Untracked 
|  52|0x0000000704800000, 0x0000000704900000, 0x0000000704900000|100%| O|  |TAMS 0x0000000704800000, 0x0000000704800000| Untracked 
|  53|0x0000000704900000, 0x0000000704a00000, 0x0000000704a00000|100%| O|  |TAMS 0x0000000704900000, 0x0000000704900000| Untracked 
|  54|0x0000000704a00000, 0x0000000704b00000, 0x0000000704b00000|100%| O|  |TAMS 0x0000000704a00000, 0x0000000704a00000| Untracked 
|  55|0x0000000704b00000, 0x0000000704c00000, 0x0000000704c00000|100%| O|  |TAMS 0x0000000704b00000, 0x0000000704b00000| Untracked 
|  56|0x0000000704c00000, 0x0000000704d00000, 0x0000000704d00000|100%| O|  |TAMS 0x0000000704c00000, 0x0000000704c00000| Untracked 
|  57|0x0000000704d00000, 0x0000000704e00000, 0x0000000704e00000|100%| O|  |TAMS 0x0000000704d00000, 0x0000000704d00000| Untracked 
|  58|0x0000000704e00000, 0x0000000704f00000, 0x0000000704f00000|100%| O|  |TAMS 0x0000000704e00000, 0x0000000704e00000| Untracked 
|  59|0x0000000704f00000, 0x0000000704f00000, 0x0000000705000000|  0%| F|  |TAMS 0x0000000704f00000, 0x0000000704f00000| Untracked 
|  60|0x0000000705000000, 0x0000000705000000, 0x0000000705100000|  0%| F|  |TAMS 0x0000000705000000, 0x0000000705000000| Untracked 
|  61|0x0000000705100000, 0x0000000705100000, 0x0000000705200000|  0%| F|  |TAMS 0x0000000705100000, 0x0000000705100000| Untracked 
|  62|0x0000000705200000, 0x0000000705200000, 0x0000000705300000|  0%| F|  |TAMS 0x0000000705200000, 0x0000000705200000| Untracked 
|  63|0x0000000705300000, 0x0000000705300000, 0x0000000705400000|  0%| F|  |TAMS 0x0000000705300000, 0x0000000705300000| Untracked 
|  64|0x0000000705400000, 0x0000000705400000, 0x0000000705500000|  0%| F|  |TAMS 0x0000000705400000, 0x0000000705400000| Untracked 
|  65|0x0000000705500000, 0x0000000705500000, 0x0000000705600000|  0%| F|  |TAMS 0x0000000705500000, 0x0000000705500000| Untracked 
|  66|0x0000000705600000, 0x0000000705600000, 0x0000000705700000|  0%| F|  |TAMS 0x0000000705600000, 0x0000000705600000| Untracked 
|  67|0x0000000705700000, 0x0000000705700000, 0x0000000705800000|  0%| F|  |TAMS 0x0000000705700000, 0x0000000705700000| Untracked 
|  68|0x0000000705800000, 0x0000000705800000, 0x0000000705900000|  0%| F|  |TAMS 0x0000000705800000, 0x0000000705800000| Untracked 
|  69|0x0000000705900000, 0x0000000705900000, 0x0000000705a00000|  0%| F|  |TAMS 0x0000000705900000, 0x0000000705900000| Untracked 
|  70|0x0000000705a00000, 0x0000000705a00000, 0x0000000705b00000|  0%| F|  |TAMS 0x0000000705a00000, 0x0000000705a00000| Untracked 
|  71|0x0000000705b00000, 0x0000000705b00000, 0x0000000705c00000|  0%| F|  |TAMS 0x0000000705b00000, 0x0000000705b00000| Untracked 
|  72|0x0000000705c00000, 0x0000000705c00000, 0x0000000705d00000|  0%| F|  |TAMS 0x0000000705c00000, 0x0000000705c00000| Untracked 
|  73|0x0000000705d00000, 0x0000000705d00000, 0x0000000705e00000|  0%| F|  |TAMS 0x0000000705d00000, 0x0000000705d00000| Untracked 
|  74|0x0000000705e00000, 0x0000000705e00000, 0x0000000705f00000|  0%| F|  |TAMS 0x0000000705e00000, 0x0000000705e00000| Untracked 
|  75|0x0000000705f00000, 0x0000000705f00000, 0x0000000706000000|  0%| F|  |TAMS 0x0000000705f00000, 0x0000000705f00000| Untracked 
|  76|0x0000000706000000, 0x0000000706000000, 0x0000000706100000|  0%| F|  |TAMS 0x0000000706000000, 0x0000000706000000| Untracked 
|  77|0x0000000706100000, 0x0000000706100000, 0x0000000706200000|  0%| F|  |TAMS 0x0000000706100000, 0x0000000706100000| Untracked 
|  78|0x0000000706200000, 0x0000000706200000, 0x0000000706300000|  0%| F|  |TAMS 0x0000000706200000, 0x0000000706200000| Untracked 
|  79|0x0000000706300000, 0x0000000706300000, 0x0000000706400000|  0%| F|  |TAMS 0x0000000706300000, 0x0000000706300000| Untracked 
|  80|0x0000000706400000, 0x0000000706400000, 0x0000000706500000|  0%| F|  |TAMS 0x0000000706400000, 0x0000000706400000| Untracked 
|  81|0x0000000706500000, 0x0000000706500000, 0x0000000706600000|  0%| F|  |TAMS 0x0000000706500000, 0x0000000706500000| Untracked 
|  82|0x0000000706600000, 0x0000000706600000, 0x0000000706700000|  0%| F|  |TAMS 0x0000000706600000, 0x0000000706600000| Untracked 
|  83|0x0000000706700000, 0x0000000706700000, 0x0000000706800000|  0%| F|  |TAMS 0x0000000706700000, 0x0000000706700000| Untracked 
|  84|0x0000000706800000, 0x0000000706800000, 0x0000000706900000|  0%| F|  |TAMS 0x0000000706800000, 0x0000000706800000| Untracked 
|  85|0x0000000706900000, 0x0000000706900000, 0x0000000706a00000|  0%| F|  |TAMS 0x0000000706900000, 0x0000000706900000| Untracked 
|  86|0x0000000706a00000, 0x0000000706a00000, 0x0000000706b00000|  0%| F|  |TAMS 0x0000000706a00000, 0x0000000706a00000| Untracked 
|  87|0x0000000706b00000, 0x0000000706b00000, 0x0000000706c00000|  0%| F|  |TAMS 0x0000000706b00000, 0x0000000706b00000| Untracked 
|  88|0x0000000706c00000, 0x0000000706c00000, 0x0000000706d00000|  0%| F|  |TAMS 0x0000000706c00000, 0x0000000706c00000| Untracked 
|  89|0x0000000706d00000, 0x0000000706d00000, 0x0000000706e00000|  0%| F|  |TAMS 0x0000000706d00000, 0x0000000706d00000| Untracked 
|  90|0x0000000706e00000, 0x0000000706e00000, 0x0000000706f00000|  0%| F|  |TAMS 0x0000000706e00000, 0x0000000706e00000| Untracked 
|  91|0x0000000706f00000, 0x0000000706f00000, 0x0000000707000000|  0%| F|  |TAMS 0x0000000706f00000, 0x0000000706f00000| Untracked 
|  92|0x0000000707000000, 0x0000000707000000, 0x0000000707100000|  0%| F|  |TAMS 0x0000000707000000, 0x0000000707000000| Untracked 
|  93|0x0000000707100000, 0x0000000707100000, 0x0000000707200000|  0%| F|  |TAMS 0x0000000707100000, 0x0000000707100000| Untracked 
|  94|0x0000000707200000, 0x0000000707200000, 0x0000000707300000|  0%| F|  |TAMS 0x0000000707200000, 0x0000000707200000| Untracked 
|  95|0x0000000707300000, 0x0000000707300000, 0x0000000707400000|  0%| F|  |TAMS 0x0000000707300000, 0x0000000707300000| Untracked 
|  96|0x0000000707400000, 0x0000000707400000, 0x0000000707500000|  0%| F|  |TAMS 0x0000000707400000, 0x0000000707400000| Untracked 
|  97|0x0000000707500000, 0x0000000707500000, 0x0000000707600000|  0%| F|  |TAMS 0x0000000707500000, 0x0000000707500000| Untracked 
|  98|0x0000000707600000, 0x0000000707600000, 0x0000000707700000|  0%| F|  |TAMS 0x0000000707600000, 0x0000000707600000| Untracked 
|  99|0x0000000707700000, 0x0000000707700000, 0x0000000707800000|  0%| F|  |TAMS 0x0000000707700000, 0x0000000707700000| Untracked 
| 100|0x0000000707800000, 0x0000000707800000, 0x0000000707900000|  0%| F|  |TAMS 0x0000000707800000, 0x0000000707800000| Untracked 
| 101|0x0000000707900000, 0x0000000707900000, 0x0000000707a00000|  0%| F|  |TAMS 0x0000000707900000, 0x0000000707900000| Untracked 
| 102|0x0000000707a00000, 0x0000000707a00000, 0x0000000707b00000|  0%| F|  |TAMS 0x0000000707a00000, 0x0000000707a00000| Untracked 
| 103|0x0000000707b00000, 0x0000000707b00000, 0x0000000707c00000|  0%| F|  |TAMS 0x0000000707b00000, 0x0000000707b00000| Untracked 
| 104|0x0000000707c00000, 0x0000000707c00000, 0x0000000707d00000|  0%| F|  |TAMS 0x0000000707c00000, 0x0000000707c00000| Untracked 
| 105|0x0000000707d00000, 0x0000000707d00000, 0x0000000707e00000|  0%| F|  |TAMS 0x0000000707d00000, 0x0000000707d00000| Untracked 
| 106|0x0000000707e00000, 0x0000000707e00000, 0x0000000707f00000|  0%| F|  |TAMS 0x0000000707e00000, 0x0000000707e00000| Untracked 
| 107|0x0000000707f00000, 0x0000000707f00000, 0x0000000708000000|  0%| F|  |TAMS 0x0000000707f00000, 0x0000000707f00000| Untracked 
| 108|0x0000000708000000, 0x0000000708000000, 0x0000000708100000|  0%| F|  |TAMS 0x0000000708000000, 0x0000000708000000| Untracked 
| 109|0x0000000708100000, 0x0000000708100000, 0x0000000708200000|  0%| F|  |TAMS 0x0000000708100000, 0x0000000708100000| Untracked 
| 110|0x0000000708200000, 0x0000000708200000, 0x0000000708300000|  0%| F|  |TAMS 0x0000000708200000, 0x0000000708200000| Untracked 
| 111|0x0000000708300000, 0x0000000708300000, 0x0000000708400000|  0%| F|  |TAMS 0x0000000708300000, 0x0000000708300000| Untracked 
| 112|0x0000000708400000, 0x0000000708400000, 0x0000000708500000|  0%| F|  |TAMS 0x0000000708400000, 0x0000000708400000| Untracked 
| 113|0x0000000708500000, 0x0000000708500000, 0x0000000708600000|  0%| F|  |TAMS 0x0000000708500000, 0x0000000708500000| Untracked 
| 114|0x0000000708600000, 0x0000000708600000, 0x0000000708700000|  0%| F|  |TAMS 0x0000000708600000, 0x0000000708600000| Untracked 
| 115|0x0000000708700000, 0x0000000708700000, 0x0000000708800000|  0%| F|  |TAMS 0x0000000708700000, 0x0000000708700000| Untracked 
| 116|0x0000000708800000, 0x0000000708800000, 0x0000000708900000|  0%| F|  |TAMS 0x0000000708800000, 0x0000000708800000| Untracked 
| 117|0x0000000708900000, 0x0000000708900000, 0x0000000708a00000|  0%| F|  |TAMS 0x0000000708900000, 0x0000000708900000| Untracked 
| 118|0x0000000708a00000, 0x0000000708a00000, 0x0000000708b00000|  0%| F|  |TAMS 0x0000000708a00000, 0x0000000708a00000| Untracked 
| 119|0x0000000708b00000, 0x0000000708b00000, 0x0000000708c00000|  0%| F|  |TAMS 0x0000000708b00000, 0x0000000708b00000| Untracked 
| 120|0x0000000708c00000, 0x0000000708c00000, 0x0000000708d00000|  0%| F|  |TAMS 0x0000000708c00000, 0x0000000708c00000| Untracked 
| 121|0x0000000708d00000, 0x0000000708d00000, 0x0000000708e00000|  0%| F|  |TAMS 0x0000000708d00000, 0x0000000708d00000| Untracked 
| 122|0x0000000708e00000, 0x0000000708e00000, 0x0000000708f00000|  0%| F|  |TAMS 0x0000000708e00000, 0x0000000708e00000| Untracked 
| 123|0x0000000708f00000, 0x0000000708f00000, 0x0000000709000000|  0%| F|  |TAMS 0x0000000708f00000, 0x0000000708f00000| Untracked 
| 124|0x0000000709000000, 0x0000000709000000, 0x0000000709100000|  0%| F|  |TAMS 0x0000000709000000, 0x0000000709000000| Untracked 
| 125|0x0000000709100000, 0x0000000709100000, 0x0000000709200000|  0%| F|  |TAMS 0x0000000709100000, 0x0000000709100000| Untracked 
| 126|0x0000000709200000, 0x0000000709200000, 0x0000000709300000|  0%| F|  |TAMS 0x0000000709200000, 0x0000000709200000| Untracked 
| 127|0x0000000709300000, 0x0000000709300000, 0x0000000709400000|  0%| F|  |TAMS 0x0000000709300000, 0x0000000709300000| Untracked 
| 128|0x0000000709400000, 0x0000000709400000, 0x0000000709500000|  0%| F|  |TAMS 0x0000000709400000, 0x0000000709400000| Untracked 
| 129|0x0000000709500000, 0x0000000709500000, 0x0000000709600000|  0%| F|  |TAMS 0x0000000709500000, 0x0000000709500000| Untracked 
| 130|0x0000000709600000, 0x0000000709600000, 0x0000000709700000|  0%| F|  |TAMS 0x0000000709600000, 0x0000000709600000| Untracked 
| 131|0x0000000709700000, 0x0000000709700000, 0x0000000709800000|  0%| F|  |TAMS 0x0000000709700000, 0x0000000709700000| Untracked 
| 132|0x0000000709800000, 0x0000000709800000, 0x0000000709900000|  0%| F|  |TAMS 0x0000000709800000, 0x0000000709800000| Untracked 
| 133|0x0000000709900000, 0x0000000709900000, 0x0000000709a00000|  0%| F|  |TAMS 0x0000000709900000, 0x0000000709900000| Untracked 
| 134|0x0000000709a00000, 0x0000000709a00000, 0x0000000709b00000|  0%| F|  |TAMS 0x0000000709a00000, 0x0000000709a00000| Untracked 
| 135|0x0000000709b00000, 0x0000000709b00000, 0x0000000709c00000|  0%| F|  |TAMS 0x0000000709b00000, 0x0000000709b00000| Untracked 
| 136|0x0000000709c00000, 0x0000000709c00000, 0x0000000709d00000|  0%| F|  |TAMS 0x0000000709c00000, 0x0000000709c00000| Untracked 
| 137|0x0000000709d00000, 0x0000000709d00000, 0x0000000709e00000|  0%| F|  |TAMS 0x0000000709d00000, 0x0000000709d00000| Untracked 
| 138|0x0000000709e00000, 0x0000000709e00000, 0x0000000709f00000|  0%| F|  |TAMS 0x0000000709e00000, 0x0000000709e00000| Untracked 
| 139|0x0000000709f00000, 0x0000000709f00000, 0x000000070a000000|  0%| F|  |TAMS 0x0000000709f00000, 0x0000000709f00000| Untracked 
| 140|0x000000070a000000, 0x000000070a000000, 0x000000070a100000|  0%| F|  |TAMS 0x000000070a000000, 0x000000070a000000| Untracked 
| 141|0x000000070a100000, 0x000000070a100000, 0x000000070a200000|  0%| F|  |TAMS 0x000000070a100000, 0x000000070a100000| Untracked 
| 142|0x000000070a200000, 0x000000070a200000, 0x000000070a300000|  0%| F|  |TAMS 0x000000070a200000, 0x000000070a200000| Untracked 
| 143|0x000000070a300000, 0x000000070a300000, 0x000000070a400000|  0%| F|  |TAMS 0x000000070a300000, 0x000000070a300000| Untracked 
| 144|0x000000070a400000, 0x000000070a400000, 0x000000070a500000|  0%| F|  |TAMS 0x000000070a400000, 0x000000070a400000| Untracked 
| 145|0x000000070a500000, 0x000000070a500000, 0x000000070a600000|  0%| F|  |TAMS 0x000000070a500000, 0x000000070a500000| Untracked 
| 146|0x000000070a600000, 0x000000070a600000, 0x000000070a700000|  0%| F|  |TAMS 0x000000070a600000, 0x000000070a600000| Untracked 
| 147|0x000000070a700000, 0x000000070a700000, 0x000000070a800000|  0%| F|  |TAMS 0x000000070a700000, 0x000000070a700000| Untracked 
| 148|0x000000070a800000, 0x000000070a800000, 0x000000070a900000|  0%| F|  |TAMS 0x000000070a800000, 0x000000070a800000| Untracked 
| 149|0x000000070a900000, 0x000000070a900000, 0x000000070aa00000|  0%| F|  |TAMS 0x000000070a900000, 0x000000070a900000| Untracked 
| 150|0x000000070aa00000, 0x000000070aa00000, 0x000000070ab00000|  0%| F|  |TAMS 0x000000070aa00000, 0x000000070aa00000| Untracked 
| 151|0x000000070ab00000, 0x000000070ab00000, 0x000000070ac00000|  0%| F|  |TAMS 0x000000070ab00000, 0x000000070ab00000| Untracked 
| 152|0x000000070ac00000, 0x000000070ac00000, 0x000000070ad00000|  0%| F|  |TAMS 0x000000070ac00000, 0x000000070ac00000| Untracked 
| 153|0x000000070ad00000, 0x000000070ad00000, 0x000000070ae00000|  0%| F|  |TAMS 0x000000070ad00000, 0x000000070ad00000| Untracked 
| 154|0x000000070ae00000, 0x000000070ae00000, 0x000000070af00000|  0%| F|  |TAMS 0x000000070ae00000, 0x000000070ae00000| Untracked 
| 155|0x000000070af00000, 0x000000070af00000, 0x000000070b000000|  0%| F|  |TAMS 0x000000070af00000, 0x000000070af00000| Untracked 
| 156|0x000000070b000000, 0x000000070b000000, 0x000000070b100000|  0%| F|  |TAMS 0x000000070b000000, 0x000000070b000000| Untracked 
| 157|0x000000070b100000, 0x000000070b100000, 0x000000070b200000|  0%| F|  |TAMS 0x000000070b100000, 0x000000070b100000| Untracked 
| 158|0x000000070b200000, 0x000000070b200000, 0x000000070b300000|  0%| F|  |TAMS 0x000000070b200000, 0x000000070b200000| Untracked 
| 159|0x000000070b300000, 0x000000070b300000, 0x000000070b400000|  0%| F|  |TAMS 0x000000070b300000, 0x000000070b300000| Untracked 
| 160|0x000000070b400000, 0x000000070b497900, 0x000000070b500000| 59%| S|CS|TAMS 0x000000070b400000, 0x000000070b400000| Complete 
| 161|0x000000070b500000, 0x000000070b600000, 0x000000070b600000|100%| S|CS|TAMS 0x000000070b500000, 0x000000070b500000| Complete 
| 162|0x000000070b600000, 0x000000070b700000, 0x000000070b700000|100%| S|CS|TAMS 0x000000070b600000, 0x000000070b600000| Complete 
| 163|0x000000070b700000, 0x000000070b800000, 0x000000070b800000|100%| S|CS|TAMS 0x000000070b700000, 0x000000070b700000| Complete 
| 164|0x000000070b800000, 0x000000070b900000, 0x000000070b900000|100%| S|CS|TAMS 0x000000070b800000, 0x000000070b800000| Complete 
| 165|0x000000070b900000, 0x000000070ba00000, 0x000000070ba00000|100%| S|CS|TAMS 0x000000070b900000, 0x000000070b900000| Complete 
| 166|0x000000070ba00000, 0x000000070bb00000, 0x000000070bb00000|100%| S|CS|TAMS 0x000000070ba00000, 0x000000070ba00000| Complete 
| 167|0x000000070bb00000, 0x000000070bc00000, 0x000000070bc00000|100%| S|CS|TAMS 0x000000070bb00000, 0x000000070bb00000| Complete 
| 168|0x000000070bc00000, 0x000000070bc00000, 0x000000070bd00000|  0%| F|  |TAMS 0x000000070bc00000, 0x000000070bc00000| Untracked 
| 169|0x000000070bd00000, 0x000000070bd00000, 0x000000070be00000|  0%| F|  |TAMS 0x000000070bd00000, 0x000000070bd00000| Untracked 
| 170|0x000000070be00000, 0x000000070be00000, 0x000000070bf00000|  0%| F|  |TAMS 0x000000070be00000, 0x000000070be00000| Untracked 
| 171|0x000000070bf00000, 0x000000070bf00000, 0x000000070c000000|  0%| F|  |TAMS 0x000000070bf00000, 0x000000070bf00000| Untracked 
| 172|0x000000070c000000, 0x000000070c000000, 0x000000070c100000|  0%| F|  |TAMS 0x000000070c000000, 0x000000070c000000| Untracked 
| 173|0x000000070c100000, 0x000000070c100000, 0x000000070c200000|  0%| F|  |TAMS 0x000000070c100000, 0x000000070c100000| Untracked 
| 174|0x000000070c200000, 0x000000070c200000, 0x000000070c300000|  0%| F|  |TAMS 0x000000070c200000, 0x000000070c200000| Untracked 
| 175|0x000000070c300000, 0x000000070c300000, 0x000000070c400000|  0%| F|  |TAMS 0x000000070c300000, 0x000000070c300000| Untracked 
| 176|0x000000070c400000, 0x000000070c400000, 0x000000070c500000|  0%| F|  |TAMS 0x000000070c400000, 0x000000070c400000| Untracked 
| 177|0x000000070c500000, 0x000000070c500000, 0x000000070c600000|  0%| F|  |TAMS 0x000000070c500000, 0x000000070c500000| Untracked 
| 178|0x000000070c600000, 0x000000070c700000, 0x000000070c700000|100%| S|CS|TAMS 0x000000070c600000, 0x000000070c600000| Complete 
| 179|0x000000070c700000, 0x000000070c700000, 0x000000070c800000|  0%| F|  |TAMS 0x000000070c700000, 0x000000070c700000| Untracked 
| 180|0x000000070c800000, 0x000000070c800000, 0x000000070c900000|  0%| F|  |TAMS 0x000000070c800000, 0x000000070c800000| Untracked 
| 181|0x000000070c900000, 0x000000070c900000, 0x000000070ca00000|  0%| F|  |TAMS 0x000000070c900000, 0x000000070c900000| Untracked 
| 182|0x000000070ca00000, 0x000000070ca00000, 0x000000070cb00000|  0%| F|  |TAMS 0x000000070ca00000, 0x000000070ca00000| Untracked 
| 183|0x000000070cb00000, 0x000000070cb00000, 0x000000070cc00000|  0%| F|  |TAMS 0x000000070cb00000, 0x000000070cb00000| Untracked 
| 184|0x000000070cc00000, 0x000000070cc00000, 0x000000070cd00000|  0%| F|  |TAMS 0x000000070cc00000, 0x000000070cc00000| Untracked 
| 185|0x000000070cd00000, 0x000000070cd00000, 0x000000070ce00000|  0%| F|  |TAMS 0x000000070cd00000, 0x000000070cd00000| Untracked 
| 186|0x000000070ce00000, 0x000000070ce00000, 0x000000070cf00000|  0%| F|  |TAMS 0x000000070ce00000, 0x000000070ce00000| Untracked 
| 187|0x000000070cf00000, 0x000000070cf00000, 0x000000070d000000|  0%| F|  |TAMS 0x000000070cf00000, 0x000000070cf00000| Untracked 
| 188|0x000000070d000000, 0x000000070d000000, 0x000000070d100000|  0%| F|  |TAMS 0x000000070d000000, 0x000000070d000000| Untracked 
| 189|0x000000070d100000, 0x000000070d100000, 0x000000070d200000|  0%| F|  |TAMS 0x000000070d100000, 0x000000070d100000| Untracked 
| 190|0x000000070d200000, 0x000000070d200000, 0x000000070d300000|  0%| F|  |TAMS 0x000000070d200000, 0x000000070d200000| Untracked 
| 191|0x000000070d300000, 0x000000070d300000, 0x000000070d400000|  0%| F|  |TAMS 0x000000070d300000, 0x000000070d300000| Untracked 
| 192|0x000000070d400000, 0x000000070d400000, 0x000000070d500000|  0%| F|  |TAMS 0x000000070d400000, 0x000000070d400000| Untracked 
| 193|0x000000070d500000, 0x000000070d500000, 0x000000070d600000|  0%| F|  |TAMS 0x000000070d500000, 0x000000070d500000| Untracked 
| 194|0x000000070d600000, 0x000000070d600000, 0x000000070d700000|  0%| F|  |TAMS 0x000000070d600000, 0x000000070d600000| Untracked 
| 195|0x000000070d700000, 0x000000070d700000, 0x000000070d800000|  0%| F|  |TAMS 0x000000070d700000, 0x000000070d700000| Untracked 
| 196|0x000000070d800000, 0x000000070d800000, 0x000000070d900000|  0%| F|  |TAMS 0x000000070d800000, 0x000000070d800000| Untracked 
| 197|0x000000070d900000, 0x000000070d900000, 0x000000070da00000|  0%| F|  |TAMS 0x000000070d900000, 0x000000070d900000| Untracked 
| 198|0x000000070da00000, 0x000000070da00000, 0x000000070db00000|  0%| F|  |TAMS 0x000000070da00000, 0x000000070da00000| Untracked 
| 199|0x000000070db00000, 0x000000070db00000, 0x000000070dc00000|  0%| F|  |TAMS 0x000000070db00000, 0x000000070db00000| Untracked 
| 200|0x000000070dc00000, 0x000000070dc00000, 0x000000070dd00000|  0%| F|  |TAMS 0x000000070dc00000, 0x000000070dc00000| Untracked 
| 201|0x000000070dd00000, 0x000000070dd00000, 0x000000070de00000|  0%| F|  |TAMS 0x000000070dd00000, 0x000000070dd00000| Untracked 
| 202|0x000000070de00000, 0x000000070de00000, 0x000000070df00000|  0%| F|  |TAMS 0x000000070de00000, 0x000000070de00000| Untracked 
| 203|0x000000070df00000, 0x000000070df00000, 0x000000070e000000|  0%| F|  |TAMS 0x000000070df00000, 0x000000070df00000| Untracked 
| 204|0x000000070e000000, 0x000000070e000000, 0x000000070e100000|  0%| F|  |TAMS 0x000000070e000000, 0x000000070e000000| Untracked 
| 205|0x000000070e100000, 0x000000070e100000, 0x000000070e200000|  0%| F|  |TAMS 0x000000070e100000, 0x000000070e100000| Untracked 
| 206|0x000000070e200000, 0x000000070e200000, 0x000000070e300000|  0%| F|  |TAMS 0x000000070e200000, 0x000000070e200000| Untracked 
| 207|0x000000070e300000, 0x000000070e300000, 0x000000070e400000|  0%| F|  |TAMS 0x000000070e300000, 0x000000070e300000| Untracked 
| 208|0x000000070e400000, 0x000000070e400000, 0x000000070e500000|  0%| F|  |TAMS 0x000000070e400000, 0x000000070e400000| Untracked 
| 209|0x000000070e500000, 0x000000070e500000, 0x000000070e600000|  0%| F|  |TAMS 0x000000070e500000, 0x000000070e500000| Untracked 
| 210|0x000000070e600000, 0x000000070e600000, 0x000000070e700000|  0%| F|  |TAMS 0x000000070e600000, 0x000000070e600000| Untracked 
| 211|0x000000070e700000, 0x000000070e700000, 0x000000070e800000|  0%| F|  |TAMS 0x000000070e700000, 0x000000070e700000| Untracked 
| 212|0x000000070e800000, 0x000000070e800000, 0x000000070e900000|  0%| F|  |TAMS 0x000000070e800000, 0x000000070e800000| Untracked 
| 213|0x000000070e900000, 0x000000070e900000, 0x000000070ea00000|  0%| F|  |TAMS 0x000000070e900000, 0x000000070e900000| Untracked 
| 214|0x000000070ea00000, 0x000000070ea00000, 0x000000070eb00000|  0%| F|  |TAMS 0x000000070ea00000, 0x000000070ea00000| Untracked 
| 215|0x000000070eb00000, 0x000000070eb00000, 0x000000070ec00000|  0%| F|  |TAMS 0x000000070eb00000, 0x000000070eb00000| Untracked 
| 216|0x000000070ec00000, 0x000000070ec00000, 0x000000070ed00000|  0%| F|  |TAMS 0x000000070ec00000, 0x000000070ec00000| Untracked 
| 217|0x000000070ed00000, 0x000000070ed00000, 0x000000070ee00000|  0%| F|  |TAMS 0x000000070ed00000, 0x000000070ed00000| Untracked 
| 218|0x000000070ee00000, 0x000000070ee00000, 0x000000070ef00000|  0%| F|  |TAMS 0x000000070ee00000, 0x000000070ee00000| Untracked 
| 219|0x000000070ef00000, 0x000000070ef00000, 0x000000070f000000|  0%| F|  |TAMS 0x000000070ef00000, 0x000000070ef00000| Untracked 
| 220|0x000000070f000000, 0x000000070f000000, 0x000000070f100000|  0%| F|  |TAMS 0x000000070f000000, 0x000000070f000000| Untracked 
| 221|0x000000070f100000, 0x000000070f100000, 0x000000070f200000|  0%| F|  |TAMS 0x000000070f100000, 0x000000070f100000| Untracked 
| 222|0x000000070f200000, 0x000000070f200000, 0x000000070f300000|  0%| F|  |TAMS 0x000000070f200000, 0x000000070f200000| Untracked 
| 223|0x000000070f300000, 0x000000070f300000, 0x000000070f400000|  0%| F|  |TAMS 0x000000070f300000, 0x000000070f300000| Untracked 
| 224|0x000000070f400000, 0x000000070f400000, 0x000000070f500000|  0%| F|  |TAMS 0x000000070f400000, 0x000000070f400000| Untracked 
| 225|0x000000070f500000, 0x000000070f500000, 0x000000070f600000|  0%| F|  |TAMS 0x000000070f500000, 0x000000070f500000| Untracked 
| 226|0x000000070f600000, 0x000000070f600000, 0x000000070f700000|  0%| F|  |TAMS 0x000000070f600000, 0x000000070f600000| Untracked 
| 227|0x000000070f700000, 0x000000070f700000, 0x000000070f800000|  0%| F|  |TAMS 0x000000070f700000, 0x000000070f700000| Untracked 
| 228|0x000000070f800000, 0x000000070f800000, 0x000000070f900000|  0%| F|  |TAMS 0x000000070f800000, 0x000000070f800000| Untracked 
| 229|0x000000070f900000, 0x000000070f900000, 0x000000070fa00000|  0%| F|  |TAMS 0x000000070f900000, 0x000000070f900000| Untracked 
| 230|0x000000070fa00000, 0x000000070fa00000, 0x000000070fb00000|  0%| F|  |TAMS 0x000000070fa00000, 0x000000070fa00000| Untracked 
| 231|0x000000070fb00000, 0x000000070fb00000, 0x000000070fc00000|  0%| F|  |TAMS 0x000000070fb00000, 0x000000070fb00000| Untracked 
| 232|0x000000070fc00000, 0x000000070fc00000, 0x000000070fd00000|  0%| F|  |TAMS 0x000000070fc00000, 0x000000070fc00000| Untracked 
| 233|0x000000070fd00000, 0x000000070fd00000, 0x000000070fe00000|  0%| F|  |TAMS 0x000000070fd00000, 0x000000070fd00000| Untracked 
| 234|0x000000070fe00000, 0x000000070ff00000, 0x000000070ff00000|100%| E|  |TAMS 0x000000070fe00000, 0x000000070fe00000| Complete 
| 235|0x000000070ff00000, 0x0000000710000000, 0x0000000710000000|100%| E|CS|TAMS 0x000000070ff00000, 0x000000070ff00000| Complete 
| 236|0x0000000710000000, 0x0000000710100000, 0x0000000710100000|100%| E|CS|TAMS 0x0000000710000000, 0x0000000710000000| Complete 
| 237|0x0000000710100000, 0x0000000710200000, 0x0000000710200000|100%| E|CS|TAMS 0x0000000710100000, 0x0000000710100000| Complete 
| 238|0x0000000710200000, 0x0000000710300000, 0x0000000710300000|100%| E|CS|TAMS 0x0000000710200000, 0x0000000710200000| Complete 
| 239|0x0000000710300000, 0x0000000710400000, 0x0000000710400000|100%| E|CS|TAMS 0x0000000710300000, 0x0000000710300000| Complete 
| 240|0x0000000710400000, 0x0000000710500000, 0x0000000710500000|100%| E|CS|TAMS 0x0000000710400000, 0x0000000710400000| Complete 
| 241|0x0000000710500000, 0x0000000710600000, 0x0000000710600000|100%| E|CS|TAMS 0x0000000710500000, 0x0000000710500000| Complete 
| 242|0x0000000710600000, 0x0000000710700000, 0x0000000710700000|100%| E|CS|TAMS 0x0000000710600000, 0x0000000710600000| Complete 
| 243|0x0000000710700000, 0x0000000710800000, 0x0000000710800000|100%| E|CS|TAMS 0x0000000710700000, 0x0000000710700000| Complete 
| 244|0x0000000710800000, 0x0000000710900000, 0x0000000710900000|100%| E|CS|TAMS 0x0000000710800000, 0x0000000710800000| Complete 
| 245|0x0000000710900000, 0x0000000710a00000, 0x0000000710a00000|100%| E|CS|TAMS 0x0000000710900000, 0x0000000710900000| Complete 
| 246|0x0000000710a00000, 0x0000000710b00000, 0x0000000710b00000|100%| E|CS|TAMS 0x0000000710a00000, 0x0000000710a00000| Complete 
| 247|0x0000000710b00000, 0x0000000710c00000, 0x0000000710c00000|100%| E|CS|TAMS 0x0000000710b00000, 0x0000000710b00000| Complete 
| 248|0x0000000710c00000, 0x0000000710d00000, 0x0000000710d00000|100%| E|CS|TAMS 0x0000000710c00000, 0x0000000710c00000| Complete 
| 249|0x0000000710d00000, 0x0000000710e00000, 0x0000000710e00000|100%| E|CS|TAMS 0x0000000710d00000, 0x0000000710d00000| Complete 
| 250|0x0000000710e00000, 0x0000000710f00000, 0x0000000710f00000|100%| E|CS|TAMS 0x0000000710e00000, 0x0000000710e00000| Complete 
| 251|0x0000000710f00000, 0x0000000711000000, 0x0000000711000000|100%| E|CS|TAMS 0x0000000710f00000, 0x0000000710f00000| Complete 
| 252|0x0000000711000000, 0x0000000711100000, 0x0000000711100000|100%| E|CS|TAMS 0x0000000711000000, 0x0000000711000000| Complete 
| 253|0x0000000711100000, 0x0000000711200000, 0x0000000711200000|100%| E|CS|TAMS 0x0000000711100000, 0x0000000711100000| Complete 
| 254|0x0000000711200000, 0x0000000711300000, 0x0000000711300000|100%| E|CS|TAMS 0x0000000711200000, 0x0000000711200000| Complete 
| 255|0x0000000711300000, 0x0000000711400000, 0x0000000711400000|100%| E|CS|TAMS 0x0000000711300000, 0x0000000711300000| Complete 

Card table byte_map: [0x000001e6413d0000,0x000001e641bd0000] _byte_map_base: 0x000001e63dbc6000

Marking Bits (Prev, Next): (CMBitMap*) 0x000001e62733ff28, (CMBitMap*) 0x000001e62733ff60
 Prev Bits: [0x000001e6423d0000, 0x000001e646380000)
 Next Bits: [0x000001e646380000, 0x000001e64a330000)

Polling page: 0x000001e6273c0000

Metaspace:

Usage:
  Non-class:     11.29 MB capacity,    11.19 MB (>99%) used,    92.57 KB ( <1%) free+waste,    10.06 KB ( <1%) overhead. 
      Class:      1.04 MB capacity,     1.00 MB ( 96%) used,    36.44 KB (  3%) free+waste,     3.19 KB ( <1%) overhead. 
       Both:     12.33 MB capacity,    12.20 MB ( 99%) used,   129.01 KB (  1%) free+waste,    13.25 KB ( <1%) overhead. 

Virtual space:
  Non-class space:       12.00 MB reserved,      11.50 MB ( 96%) committed 
      Class space:        1.00 GB reserved,       1.13 MB ( <1%) committed 
             Both:        1.01 GB reserved,      12.63 MB (  1%) committed 

Chunk freelists:
   Non-Class:  82.00 KB
       Class:  24.00 KB
        Both:  106.00 KB

MaxMetaspaceSize: 17179869184.00 GB
CompressedClassSpaceSize: 1.00 GB

CodeHeap 'non-profiled nmethods': size=120000Kb used=853Kb max_used=853Kb free=119146Kb
 bounds [0x000001e638c40000, 0x000001e638eb0000, 0x000001e640170000]
CodeHeap 'profiled nmethods': size=120000Kb used=3661Kb max_used=3661Kb free=116338Kb
 bounds [0x000001e631710000, 0x000001e631ab0000, 0x000001e638c40000]
CodeHeap 'non-nmethods': size=5760Kb used=1200Kb max_used=1228Kb free=4559Kb
 bounds [0x000001e631170000, 0x000001e6313e0000, 0x000001e631710000]
 total_blobs=2168 nmethods=1599 adapters=481
 compilation: enabled
              stopped_count=0, restarted_count=0
 full_count=0

Compilation events (20 events):
Event: 12.642 Thread 0x000001e64d7ab000 nmethod 1589 0x000001e638d13110 code [0x000001e638d132a0, 0x000001e638d13358]
Event: 12.828 Thread 0x000001e64d7b4000 1590       3       com.badlogic.gdx.maps.tiled.renderers.BatchTiledMapRenderer::renderObjects (36 bytes)
Event: 12.830 Thread 0x000001e64d7b4000 nmethod 1590 0x000001e631a9b310 code [0x000001e631a9b540, 0x000001e631a9bf68]
Event: 12.978 Thread 0x000001e64d7b4000 1591       3       com.badlogic.gdx.maps.tiled.TiledMapTileLayer::getCell (37 bytes)
Event: 12.978 Thread 0x000001e64d7b4000 nmethod 1591 0x000001e631a9c290 code [0x000001e631a9c460, 0x000001e631a9c6d8]
Event: 12.979 Thread 0x000001e64d7b4000 1592       3       com.badlogic.gdx.maps.tiled.renderers.OrthogonalTiledMapRenderer::renderTileLayer (991 bytes)
Event: 12.986 Thread 0x000001e64d7b4000 nmethod 1592 0x000001e631a9c810 code [0x000001e631a9cb60, 0x000001e631a9e988]
Event: 13.044 Thread 0x000001e64d7ab000 1593       4       com.badlogic.gdx.utils.BufferUtils::copy (45 bytes)
Event: 13.057 Thread 0x000001e64d7ab000 nmethod 1593 0x000001e638d13490 code [0x000001e638d13660, 0x000001e638d139a8]
Event: 13.160 Thread 0x000001e64d7ab000 1594       4       com.badlogic.gdx.maps.tiled.TiledMapTileLayer::getCell (37 bytes)
Event: 13.164 Thread 0x000001e64d7ab000 nmethod 1594 0x000001e638d13d90 code [0x000001e638d13f20, 0x000001e638d14078]
Event: 13.314 Thread 0x000001e64d7b4000 1596       3       org.lwjgl.opengl.GL11::glClearColor (27 bytes)
Event: 13.317 Thread 0x000001e64d7b4000 nmethod 1596 0x000001e631a9f710 code [0x000001e631a9f940, 0x000001e631aa0098]
Event: 13.327 Thread 0x000001e64d7b4000 1598       3       com.badlogic.gdx.backends.lwjgl.LwjglGL20::glClear (5 bytes)
Event: 13.328 Thread 0x000001e64d7b4000 nmethod 1598 0x000001e631aa0390 code [0x000001e631aa05c0, 0x000001e631aa0d58]
Event: 13.328 Thread 0x000001e64d7b4000 1599       3       com.badlogic.gdx.backends.lwjgl.LwjglGL20::glClearColor (9 bytes)
Event: 13.330 Thread 0x000001e64d7b4000 nmethod 1599 0x000001e631aa1010 code [0x000001e631aa1240, 0x000001e631aa1a18]
Event: 13.330 Thread 0x000001e64d7b4000 1600       3       ch.hevs.gdx2d.lib.GdxGraphics::clear (36 bytes)
Event: 13.334 Thread 0x000001e64d7b4000 nmethod 1600 0x000001e631aa1d10 code [0x000001e631aa2000, 0x000001e631aa2fd8]
Event: 13.334 Thread 0x000001e64d7ab000 1601       4       ch.hevs.gdx2d.lib.GdxGraphics::clear (36 bytes)

GC Heap History (12 events):
Event: 3.278 GC heap before
{Heap before GC invocations=0 (full 0):
 garbage-first heap   total 262144K, used 25600K [0x0000000701400000, 0x0000000800000000)
  region size 1024K, 24 young (24576K), 0 survivors (0K)
 Metaspace       used 11853K, capacity 12054K, committed 12416K, reserved 1060864K
  class space    used 997K, capacity 1064K, committed 1152K, reserved 1048576K
}
Event: 3.285 GC heap after
{Heap after GC invocations=1 (full 0):
 garbage-first heap   total 262144K, used 4156K [0x0000000701400000, 0x0000000800000000)
  region size 1024K, 3 young (3072K), 3 survivors (3072K)
 Metaspace       used 11853K, capacity 12054K, committed 12416K, reserved 1060864K
  class space    used 997K, capacity 1064K, committed 1152K, reserved 1048576K
}
Event: 4.997 GC heap before
{Heap before GC invocations=1 (full 0):
 garbage-first heap   total 262144K, used 192572K [0x0000000701400000, 0x0000000800000000)
  region size 1024K, 153 young (156672K), 3 survivors (3072K)
 Metaspace       used 11915K, capacity 12118K, committed 12416K, reserved 1060864K
  class space    used 997K, capacity 1064K, committed 1152K, reserved 1048576K
}
Event: 5.017 GC heap after
{Heap after GC invocations=2 (full 0):
 garbage-first heap   total 262144K, used 28014K [0x0000000701400000, 0x0000000800000000)
  region size 1024K, 20 young (20480K), 20 survivors (20480K)
 Metaspace       used 11915K, capacity 12118K, committed 12416K, reserved 1060864K
  class space    used 997K, capacity 1064K, committed 1152K, reserved 1048576K
}
Event: 5.388 GC heap before
{Heap before GC invocations=2 (full 0):
 garbage-first heap   total 262144K, used 37230K [0x0000000701400000, 0x0000000800000000)
  region size 1024K, 28 young (28672K), 20 survivors (20480K)
 Metaspace       used 11998K, capacity 12182K, committed 12416K, reserved 1060864K
  class space    used 999K, capacity 1064K, committed 1152K, reserved 1048576K
}
Event: 5.399 GC heap after
{Heap after GC invocations=3 (full 0):
 garbage-first heap   total 262144K, used 30437K [0x0000000701400000, 0x0000000800000000)
  region size 1024K, 4 young (4096K), 4 survivors (4096K)
 Metaspace       used 11998K, capacity 12182K, committed 12416K, reserved 1060864K
  class space    used 999K, capacity 1064K, committed 1152K, reserved 1048576K
}
Event: 5.851 GC heap before
{Heap before GC invocations=3 (full 0):
 garbage-first heap   total 262144K, used 86757K [0x0000000701400000, 0x0000000800000000)
  region size 1024K, 49 young (50176K), 4 survivors (4096K)
 Metaspace       used 12046K, capacity 12246K, committed 12416K, reserved 1060864K
  class space    used 999K, capacity 1064K, committed 1152K, reserved 1048576K
}
Event: 5.855 GC heap after
{Heap after GC invocations=4 (full 0):
 garbage-first heap   total 262144K, used 36833K [0x0000000701400000, 0x0000000800000000)
  region size 1024K, 7 young (7168K), 7 survivors (7168K)
 Metaspace       used 12046K, capacity 12246K, committed 12416K, reserved 1060864K
  class space    used 999K, capacity 1064K, committed 1152K, reserved 1048576K
}
Event: 6.534 GC heap before
{Heap before GC invocations=4 (full 0):
 garbage-first heap   total 262144K, used 126945K [0x0000000701400000, 0x0000000800000000)
  region size 1024K, 78 young (79872K), 7 survivors (7168K)
 Metaspace       used 12054K, capacity 12246K, committed 12416K, reserved 1060864K
  class space    used 999K, capacity 1064K, committed 1152K, reserved 1048576K
}
Event: 6.542 GC heap after
{Heap after GC invocations=5 (full 0):
 garbage-first heap   total 262144K, used 49119K [0x0000000701400000, 0x0000000800000000)
  region size 1024K, 10 young (10240K), 10 survivors (10240K)
 Metaspace       used 12054K, capacity 12246K, committed 12416K, reserved 1060864K
  class space    used 999K, capacity 1064K, committed 1152K, reserved 1048576K
}
Event: 10.453 GC heap before
{Heap before GC invocations=5 (full 0):
 garbage-first heap   total 262144K, used 138207K [0x0000000701400000, 0x0000000800000000)
  region size 1024K, 87 young (89088K), 10 survivors (10240K)
 Metaspace       used 12395K, capacity 12566K, committed 12928K, reserved 1060864K
  class space    used 1023K, capacity 1064K, committed 1152K, reserved 1048576K
}
Event: 10.476 GC heap after
{Heap after GC invocations=6 (full 0):
 garbage-first heap   total 262144K, used 56926K [0x0000000701400000, 0x0000000800000000)
  region size 1024K, 9 young (9216K), 9 survivors (9216K)
 Metaspace       used 12395K, capacity 12566K, committed 12928K, reserved 1060864K
  class space    used 1023K, capacity 1064K, committed 1152K, reserved 1048576K
}

Deoptimization events (20 events):
Event: 11.064 Thread 0x000001e64e02b800 DEOPT PACKING pc=0x000001e631a6d149 sp=0x000000e2f1dfeae0
Event: 11.064 Thread 0x000001e64e02b800 DEOPT UNPACKING pc=0x000001e63119754e sp=0x000000e2f1dfdef8 mode 0
Event: 11.278 Thread 0x000001e64e02b800 DEOPT PACKING pc=0x000001e631a6d149 sp=0x000000e2f1dfeae0
Event: 11.278 Thread 0x000001e64e02b800 DEOPT UNPACKING pc=0x000001e63119754e sp=0x000000e2f1dfdef8 mode 0
Event: 11.511 Thread 0x000001e64e02b800 DEOPT PACKING pc=0x000001e631a6d149 sp=0x000000e2f1dfeae0
Event: 11.511 Thread 0x000001e64e02b800 DEOPT UNPACKING pc=0x000001e63119754e sp=0x000000e2f1dfdef8 mode 0
Event: 11.771 Thread 0x000001e64e02b800 DEOPT PACKING pc=0x000001e631a6d149 sp=0x000000e2f1dfeae0
Event: 11.771 Thread 0x000001e64e02b800 DEOPT UNPACKING pc=0x000001e63119754e sp=0x000000e2f1dfdef8 mode 0
Event: 12.011 Thread 0x000001e64e02b800 DEOPT PACKING pc=0x000001e631a6d149 sp=0x000000e2f1dfeae0
Event: 12.011 Thread 0x000001e64e02b800 DEOPT UNPACKING pc=0x000001e63119754e sp=0x000000e2f1dfdef8 mode 0
Event: 12.977 Thread 0x000001e64e02b800 Uncommon trap: trap_request=0xffffff4d fr.pc=0x000001e638d0dc2c relative=0x0000000000000d4c
Event: 12.977 Thread 0x000001e64e02b800 Uncommon trap: reason=unstable_if action=reinterpret pc=0x000001e638d0dc2c method=com.badlogic.gdx.maps.tiled.TiledMapTileLayer.getCell(II)Lcom/badlogic/gdx/maps/tiled/TiledMapTileLayer$Cell; @ 23 c2
Event: 12.977 Thread 0x000001e64e02b800 DEOPT PACKING pc=0x000001e638d0dc2c sp=0x000000e2f1dfe960
Event: 12.977 Thread 0x000001e64e02b800 DEOPT UNPACKING pc=0x000001e63119772f sp=0x000000e2f1dfe828 mode 2
Event: 12.978 Thread 0x000001e64e02b800 Uncommon trap: trap_request=0xffffff4d fr.pc=0x000001e638ce77dc relative=0x000000000000011c
Event: 12.978 Thread 0x000001e64e02b800 Uncommon trap: reason=unstable_if action=reinterpret pc=0x000001e638ce77dc method=com.badlogic.gdx.maps.tiled.TiledMapTileLayer.getCell(II)Lcom/badlogic/gdx/maps/tiled/TiledMapTileLayer$Cell; @ 23 c2
Event: 12.978 Thread 0x000001e64e02b800 DEOPT PACKING pc=0x000001e638ce77dc sp=0x000000e2f1dfe870
Event: 12.978 Thread 0x000001e64e02b800 DEOPT UNPACKING pc=0x000001e63119772f sp=0x000000e2f1dfe818 mode 2
Event: 13.099 Thread 0x000001e64e02b800 DEOPT PACKING pc=0x000001e631a9e849 sp=0x000000e2f1dfe980
Event: 13.099 Thread 0x000001e64e02b800 DEOPT UNPACKING pc=0x000001e63119754e sp=0x000000e2f1dfdd98 mode 0

Classes redefined (0 events):
No events

Internal exceptions (20 events):
Event: 12.943 Thread 0x000001e64e02b800 Exception <a 'java/lang/ClassCastException'{0x000000071004a7a8}> (0x000000071004a7a8) thrown at [./src/hotspot/share/runtime/sharedRuntime.cpp, line 584]
Event: 12.961 Thread 0x000001e64e02b800 Exception <a 'java/lang/ClassCastException'{0x000000071006caa0}> (0x000000071006caa0) thrown at [./src/hotspot/share/runtime/sharedRuntime.cpp, line 584]
Event: 12.977 Thread 0x000001e64e02b800 Exception <a 'java/lang/ClassCastException'{0x0000000710090bb8}> (0x0000000710090bb8) thrown at [./src/hotspot/share/runtime/sharedRuntime.cpp, line 584]
Event: 12.996 Thread 0x000001e64e02b800 Exception <a 'java/lang/ClassCastException'{0x00000007100b2eb0}> (0x00000007100b2eb0) thrown at [./src/hotspot/share/runtime/sharedRuntime.cpp, line 584]
Event: 13.014 Thread 0x000001e64e02b800 Exception <a 'java/lang/ClassCastException'{0x00000007100d51a8}> (0x00000007100d51a8) thrown at [./src/hotspot/share/runtime/sharedRuntime.cpp, line 584]
Event: 13.027 Thread 0x000001e64e02b800 Exception <a 'java/lang/ClassCastException'{0x00000007100f76e8}> (0x00000007100f76e8) thrown at [./src/hotspot/share/runtime/sharedRuntime.cpp, line 584]
Event: 13.044 Thread 0x000001e64e02b800 Exception <a 'java/lang/ClassCastException'{0x000000070ff19e90}> (0x000000070ff19e90) thrown at [./src/hotspot/share/runtime/sharedRuntime.cpp, line 584]
Event: 13.062 Thread 0x000001e64e02b800 Exception <a 'java/lang/ClassCastException'{0x000000070ff3c1f8}> (0x000000070ff3c1f8) thrown at [./src/hotspot/share/runtime/sharedRuntime.cpp, line 584]
Event: 13.077 Thread 0x000001e64e02b800 Exception <a 'java/lang/ClassCastException'{0x000000070ff5e4f0}> (0x000000070ff5e4f0) thrown at [./src/hotspot/share/runtime/sharedRuntime.cpp, line 584]
Event: 13.098 Thread 0x000001e64e02b800 Exception <a 'java/lang/ClassCastException'{0x000000070ff7a188}> (0x000000070ff7a188) thrown at [./src/hotspot/share/runtime/sharedRuntime.cpp, line 584]
Event: 13.111 Thread 0x000001e64e02b800 Exception <a 'java/lang/ClassCastException'{0x000000070ffa43c8}> (0x000000070ffa43c8) thrown at [./src/hotspot/share/runtime/sharedRuntime.cpp, line 584]
Event: 13.131 Thread 0x000001e64e02b800 Exception <a 'java/lang/ClassCastException'{0x000000070ffc66c0}> (0x000000070ffc66c0) thrown at [./src/hotspot/share/runtime/sharedRuntime.cpp, line 584]
Event: 13.160 Thread 0x000001e64e02b800 Exception <a 'java/lang/ClassCastException'{0x000000070ffe89b8}> (0x000000070ffe89b8) thrown at [./src/hotspot/share/runtime/sharedRuntime.cpp, line 584]
Event: 13.179 Thread 0x000001e64e02b800 Exception <a 'java/lang/ClassCastException'{0x000000070fffc1f0}> (0x000000070fffc1f0) thrown at [./src/hotspot/share/runtime/sharedRuntime.cpp, line 584]
Event: 13.194 Thread 0x000001e64e02b800 Exception <a 'java/lang/ClassCastException'{0x000000070fe2d250}> (0x000000070fe2d250) thrown at [./src/hotspot/share/runtime/sharedRuntime.cpp, line 584]
Event: 13.217 Thread 0x000001e64e02b800 Exception <a 'java/lang/ClassCastException'{0x000000070fe4f548}> (0x000000070fe4f548) thrown at [./src/hotspot/share/runtime/sharedRuntime.cpp, line 584]
Event: 13.231 Thread 0x000001e64e02b800 Exception <a 'java/lang/ClassCastException'{0x000000070fe71840}> (0x000000070fe71840) thrown at [./src/hotspot/share/runtime/sharedRuntime.cpp, line 584]
Event: 13.258 Thread 0x000001e64e02b800 Exception <a 'java/lang/ClassCastException'{0x000000070fe8bf00}> (0x000000070fe8bf00) thrown at [./src/hotspot/share/runtime/sharedRuntime.cpp, line 584]
Event: 13.277 Thread 0x000001e64e02b800 Exception <a 'java/lang/ClassCastException'{0x000000070feb6088}> (0x000000070feb6088) thrown at [./src/hotspot/share/runtime/sharedRuntime.cpp, line 584]
Event: 13.299 Thread 0x000001e64e02b800 Exception <a 'java/lang/ClassCastException'{0x000000070fed9e30}> (0x000000070fed9e30) thrown at [./src/hotspot/share/runtime/sharedRuntime.cpp, line 584]

Events (20 events):
Event: 8.787 Loaded shared library C:\Users\remi\AppData\Local\Temp\libgdxremi\dc0f0009\lwjgl64.dll
Event: 9.100 Loaded shared library C:\Program Files\AdoptOpenJDK\jdk-11.0.8.10-hotspot\bin\java.dll
Event: 9.368 Loaded shared library C:\Users\remi\AppData\Local\Temp\libgdxremi\12dfaa03\gdx64.dll
Event: 9.376 Loaded shared library C:\Users\remi\AppData\Local\Temp\libgdxremi\12dfaa03\gdx64.dll
Event: 9.389 Loaded shared library C:\Users\remi\AppData\Local\Temp\libgdxremi\dc0f0009\lwjgl64.dll
Event: 9.426 Loaded shared library C:\Users\remi\AppData\Local\Temp\libgdxremi\dc0f0009\lwjgl64.dll
Event: 10.191 Loaded shared library C:\Users\remi\AppData\Local\Temp\libgdxremi\dc0f0009\lwjgl64.dll
Event: 10.196 Loaded shared library C:\Users\remi\AppData\Local\Temp\libgdxremi\dc0f0009\lwjgl64.dll
Event: 10.452 Executing VM operation: G1CollectForAllocation
Event: 10.476 Executing VM operation: G1CollectForAllocation done
Event: 10.590 Loaded shared library C:\Users\remi\AppData\Local\Temp\libgdxremi\dc0f0009\lwjgl64.dll
Event: 10.615 Loaded shared library C:\Users\remi\AppData\Local\Temp\libgdxremi\dc0f0009\lwjgl64.dll
Event: 11.677 Loaded shared library C:\Users\remi\AppData\Local\Temp\libgdxremi\dc0f0009\lwjgl64.dll
Event: 11.754 Loaded shared library C:\Users\remi\AppData\Local\Temp\libgdxremi\dc0f0009\lwjgl64.dll
Event: 13.283 loading class Screen/ScreenMap$Door
Event: 13.283 loading class Screen/ScreenMap$Door done
Event: 13.285 loading class java/lang/Class$3
Event: 13.285 loading class java/lang/Class$3 done
Event: 13.313 Loaded shared library C:\Users\remi\AppData\Local\Temp\libgdxremi\dc0f0009\lwjgl64.dll
Event: 13.326 Loaded shared library C:\Users\remi\AppData\Local\Temp\libgdxremi\dc0f0009\lwjgl64.dll


Dynamic libraries:
0x00007ff774ab0000 - 0x00007ff774abd000 	C:\Program Files\AdoptOpenJDK\jdk-11.0.8.10-hotspot\bin\java.exe
0x00007fffa1e70000 - 0x00007fffa2065000 	C:\WINDOWS\SYSTEM32\ntdll.dll
0x00007fffa1ba0000 - 0x00007fffa1c5d000 	C:\WINDOWS\System32\KERNEL32.DLL
0x00007fff9f7d0000 - 0x00007fff9fa9d000 	C:\WINDOWS\System32\KERNELBASE.dll
0x00007fff9f660000 - 0x00007fff9f760000 	C:\WINDOWS\System32\ucrtbase.dll
0x00007fff83800000 - 0x00007fff83817000 	C:\Program Files\AdoptOpenJDK\jdk-11.0.8.10-hotspot\bin\jli.dll
0x00007fff83740000 - 0x00007fff83755000 	C:\Program Files\AdoptOpenJDK\jdk-11.0.8.10-hotspot\bin\VCRUNTIME140.dll
0x00007fff9fec0000 - 0x00007fffa0060000 	C:\WINDOWS\System32\USER32.dll
0x00007fff9fe60000 - 0x00007fff9fe82000 	C:\WINDOWS\System32\win32u.dll
0x00007fff86790000 - 0x00007fff86a2a000 	C:\WINDOWS\WinSxS\amd64_microsoft.windows.common-controls_6595b64144ccf1df_6.0.19041.1110_none_60b5254171f9507e\COMCTL32.dll
0x00007fffa0a10000 - 0x00007fffa0a3a000 	C:\WINDOWS\System32\GDI32.dll
0x00007fffa01f0000 - 0x00007fffa028e000 	C:\WINDOWS\System32\msvcrt.dll
0x00007fff9fbf0000 - 0x00007fff9fcfb000 	C:\WINDOWS\System32\gdi32full.dll
0x00007fff9fb50000 - 0x00007fff9fbed000 	C:\WINDOWS\System32\msvcp_win.dll
0x00007fffa1cc0000 - 0x00007fffa1cf0000 	C:\WINDOWS\System32\IMM32.DLL
0x00007fff5dc10000 - 0x00007fff5dcab000 	C:\Program Files\AdoptOpenJDK\jdk-11.0.8.10-hotspot\bin\msvcp140.dll
0x00007fff2def0000 - 0x00007fff2e9ad000 	C:\Program Files\AdoptOpenJDK\jdk-11.0.8.10-hotspot\bin\server\jvm.dll
0x00007fffa08d0000 - 0x00007fffa097e000 	C:\WINDOWS\System32\ADVAPI32.dll
0x00007fffa0c40000 - 0x00007fffa0cdc000 	C:\WINDOWS\System32\sechost.dll
0x00007fffa1a70000 - 0x00007fffa1b95000 	C:\WINDOWS\System32\RPCRT4.dll
0x00007fffa0980000 - 0x00007fffa0988000 	C:\WINDOWS\System32\PSAPI.DLL
0x00007fff873d0000 - 0x00007fff873d9000 	C:\WINDOWS\SYSTEM32\WSOCK32.dll
0x00007fff80b70000 - 0x00007fff80b97000 	C:\WINDOWS\SYSTEM32\WINMM.dll
0x00007fffa0bd0000 - 0x00007fffa0c3b000 	C:\WINDOWS\System32\WS2_32.dll
0x00007fff90420000 - 0x00007fff9042a000 	C:\WINDOWS\SYSTEM32\VERSION.dll
0x00007fff9de10000 - 0x00007fff9de22000 	C:\WINDOWS\SYSTEM32\kernel.appcore.dll
0x00007fff98c50000 - 0x00007fff98c60000 	C:\Program Files\AdoptOpenJDK\jdk-11.0.8.10-hotspot\bin\verify.dll
0x00007fff9d2f0000 - 0x00007fff9d4d4000 	C:\WINDOWS\SYSTEM32\DBGHELP.DLL
0x00007fff806b0000 - 0x00007fff806dc000 	C:\WINDOWS\SYSTEM32\dbgcore.DLL
0x00007fff9f5d0000 - 0x00007fff9f652000 	C:\WINDOWS\System32\bcryptPrimitives.dll
0x00007fff7ef10000 - 0x00007fff7ef38000 	C:\Program Files\AdoptOpenJDK\jdk-11.0.8.10-hotspot\bin\java.dll
0x00007fff89c50000 - 0x00007fff89c5a000 	C:\Program Files\AdoptOpenJDK\jdk-11.0.8.10-hotspot\bin\jimage.dll
0x00007fff82640000 - 0x00007fff82657000 	C:\Program Files\AdoptOpenJDK\jdk-11.0.8.10-hotspot\bin\zip.dll
0x00007fffa11f0000 - 0x00007fffa1934000 	C:\WINDOWS\System32\SHELL32.dll
0x00007fff9d4e0000 - 0x00007fff9dc74000 	C:\WINDOWS\SYSTEM32\windows.storage.dll
0x00007fffa0e90000 - 0x00007fffa11e4000 	C:\WINDOWS\System32\combase.dll
0x00007fff9efe0000 - 0x00007fff9f00c000 	C:\WINDOWS\SYSTEM32\Wldp.dll
0x00007fffa0de0000 - 0x00007fffa0e8d000 	C:\WINDOWS\System32\SHCORE.dll
0x00007fffa0190000 - 0x00007fffa01e5000 	C:\WINDOWS\System32\shlwapi.dll
0x00007fff9f4c0000 - 0x00007fff9f4df000 	C:\WINDOWS\SYSTEM32\profapi.dll
0x00007fff7f660000 - 0x00007fff7f679000 	C:\Program Files\AdoptOpenJDK\jdk-11.0.8.10-hotspot\bin\net.dll
0x00007fff99c40000 - 0x00007fff99d4a000 	C:\WINDOWS\SYSTEM32\WINHTTP.dll
0x00007fff9ed40000 - 0x00007fff9edaa000 	C:\WINDOWS\system32\mswsock.dll
0x00007fff7f5d0000 - 0x00007fff7f5e2000 	C:\Program Files\AdoptOpenJDK\jdk-11.0.8.10-hotspot\bin\nio.dll
0x0000000065580000 - 0x0000000065616000 	C:\Users\remi\AppData\Local\Temp\libgdxremi\12dfaa03\gdx64.dll
0x00007fff9ef30000 - 0x00007fff9ef48000 	C:\WINDOWS\SYSTEM32\CRYPTSP.dll
0x00007fff9e650000 - 0x00007fff9e684000 	C:\WINDOWS\system32\rsaenh.dll
0x00007fff9fe90000 - 0x00007fff9feb7000 	C:\WINDOWS\System32\bcrypt.dll
0x00007fff9f480000 - 0x00007fff9f4ae000 	C:\WINDOWS\SYSTEM32\USERENV.dll
0x00007fff9ef50000 - 0x00007fff9ef5c000 	C:\WINDOWS\SYSTEM32\CRYPTBASE.dll
0x00007fff9e9e0000 - 0x00007fff9ea1b000 	C:\WINDOWS\SYSTEM32\IPHLPAPI.DLL
0x00007fffa0dd0000 - 0x00007fffa0dd8000 	C:\WINDOWS\System32\NSI.dll
0x00007fff978b0000 - 0x00007fff978c7000 	C:\WINDOWS\SYSTEM32\dhcpcsvc6.DLL
0x00007fff97870000 - 0x00007fff9788d000 	C:\WINDOWS\SYSTEM32\dhcpcsvc.DLL
0x00007fff9ea30000 - 0x00007fff9eafb000 	C:\WINDOWS\SYSTEM32\DNSAPI.dll
0x0000000180000000 - 0x0000000180053000 	C:\Users\remi\AppData\Local\Temp\libgdxremi\dc0f0009\lwjgl64.dll
0x00007fff3bf30000 - 0x00007fff3c056000 	C:\WINDOWS\SYSTEM32\OPENGL32.dll
0x00007fff6cbe0000 - 0x00007fff6cc0c000 	C:\WINDOWS\SYSTEM32\GLU32.dll
0x000001e64e770000 - 0x000001e64e7d4000 	C:\Users\remi\AppData\Local\Temp\libgdxremi\dc0f0009\OpenAL64.dll
0x00007fffa1940000 - 0x00007fffa1a6a000 	C:\WINDOWS\System32\ole32.dll
0x00007fff9ca10000 - 0x00007fff9caae000 	C:\WINDOWS\system32\uxtheme.dll
0x0000000070fc0000 - 0x0000000070fcd000 	C:\Program Files (x86)\WinSplit Revolution\WinSplitHook64.DLL
0x00007fffa0b20000 - 0x00007fffa0bc9000 	C:\WINDOWS\System32\clbcatq.dll
0x00007fff392f0000 - 0x00007fff3938c000 	C:\WINDOWS\SYSTEM32\dsound.dll
0x00007fff9eb50000 - 0x00007fff9eb9b000 	C:\WINDOWS\SYSTEM32\powrprof.dll
0x00007fff7dff0000 - 0x00007fff7e016000 	C:\WINDOWS\SYSTEM32\winmmbase.dll
0x00007fff9e9c0000 - 0x00007fff9e9d2000 	C:\WINDOWS\SYSTEM32\UMPDC.dll
0x00007fff92e30000 - 0x00007fff92eb5000 	C:\WINDOWS\System32\MMDevApi.dll
0x00007fff9f330000 - 0x00007fff9f35c000 	C:\WINDOWS\System32\DEVOBJ.dll
0x00007fff9f580000 - 0x00007fff9f5ce000 	C:\WINDOWS\System32\cfgmgr32.dll
0x00007fff92ee0000 - 0x00007fff93062000 	C:\WINDOWS\SYSTEM32\AUDIOSES.DLL
0x00007fffa00c0000 - 0x00007fffa018d000 	C:\WINDOWS\System32\OLEAUT32.dll
0x00007fff9cc40000 - 0x00007fff9cc54000 	C:\WINDOWS\SYSTEM32\resourcepolicyclient.dll
0x00007fff99410000 - 0x00007fff994be000 	C:\WINDOWS\SYSTEM32\mscms.dll
0x00007fff993f0000 - 0x00007fff99401000 	C:\WINDOWS\SYSTEM32\ColorAdapterClient.dll
0x00007fff923d0000 - 0x00007fff92413000 	C:\Windows\System32\Windows.Internal.Graphics.Display.DisplayColorManagement.dll
0x00007fffa1cf0000 - 0x00007fffa1e05000 	C:\WINDOWS\System32\MSCTF.dll
0x00007fff978d0000 - 0x00007fff979c7000 	C:\Windows\System32\AppXDeploymentClient.dll
0x00007fff399b0000 - 0x00007fff3a975000 	C:\WINDOWS\System32\DriverStore\FileRepository\64zh8682.inf_amd64_ad04d90b4a2ec5da\ig9icd64.dll
0x00007fff9cd40000 - 0x00007fff9cd6f000 	C:\WINDOWS\system32\dwmapi.dll
0x00007fff9dfa0000 - 0x00007fff9e093000 	C:\WINDOWS\system32\dxgi.dll
0x00007fff8fff0000 - 0x00007fff9022f000 	C:\WINDOWS\System32\DriverStore\FileRepository\64zh8682.inf_amd64_ad04d90b4a2ec5da\igdgmm64.dll
0x00007fff8d2b0000 - 0x00007fff8ff12000 	C:\WINDOWS\System32\DriverStore\FileRepository\64zh8682.inf_amd64_ad04d90b4a2ec5da\igc64.dll
0x00007fff88050000 - 0x00007fff88149000 	C:\WINDOWS\SYSTEM32\textinputframework.dll
0x00007fff9bff0000 - 0x00007fff9c34e000 	C:\WINDOWS\System32\CoreUIComponents.dll
0x00007fff9c3b0000 - 0x00007fff9c4a2000 	C:\WINDOWS\System32\CoreMessaging.dll
0x00007fff9e280000 - 0x00007fff9e2b3000 	C:\WINDOWS\SYSTEM32\ntmarta.dll
0x00007fff9b920000 - 0x00007fff9ba74000 	C:\WINDOWS\SYSTEM32\wintypes.dll
0x00007fff99210000 - 0x00007fff99276000 	C:\WINDOWS\system32\Oleacc.dll
0x00007fff794b0000 - 0x00007fff794f3000 	C:\WINDOWS\SYSTEM32\icm32.dll
0x00007fff54c40000 - 0x00007fff55055000 	C:\WINDOWS\System32\DriverStore\FileRepository\64zh8682.inf_amd64_ad04d90b4a2ec5da\igdml64.dll
0x000000006a740000 - 0x000000006a7f1000 	C:\Users\remi\AppData\Local\Temp\libgdxremi\a04a55a\gdx-freetype64.dll
0x0000000068900000 - 0x0000000068a54000 	C:\Users\remi\AppData\Local\Temp\libgdxremi\db0e5263\gdx-controllers-desktop64.dll
0x00007fff78c80000 - 0x00007fff78cc5000 	C:\WINDOWS\SYSTEM32\DINPUT8.dll
0x00007fff86250000 - 0x00007fff863a2000 	C:\WINDOWS\SYSTEM32\inputhost.dll
0x00007fff9b820000 - 0x00007fff9b916000 	C:\WINDOWS\SYSTEM32\PROPSYS.dll
0x00007fff9de00000 - 0x00007fff9de0d000 	C:\WINDOWS\SYSTEM32\HID.DLL
0x00007fffa0450000 - 0x00007fffa08c1000 	C:\WINDOWS\System32\SETUPAPI.DLL
0x00007fff9f760000 - 0x00007fff9f7c8000 	C:\WINDOWS\System32\WINTRUST.dll
0x00007fff9fd00000 - 0x00007fff9fe56000 	C:\WINDOWS\System32\CRYPT32.dll
0x00007fff9f170000 - 0x00007fff9f182000 	C:\WINDOWS\SYSTEM32\MSASN1.dll
0x0000000066bc0000 - 0x0000000066c7b000 	C:\Users\remi\AppData\Local\Temp\libgdxremi\54593449\gdx-box2d64.dll

dbghelp: loaded successfully - version: 4.0.5 - missing functions: none
symbol engine: initialized successfully - sym options: 0x614 - pdb path: .;C:\Program Files\AdoptOpenJDK\jdk-11.0.8.10-hotspot\bin;C:\WINDOWS\SYSTEM32;C:\WINDOWS\WinSxS\amd64_microsoft.windows.common-controls_6595b64144ccf1df_6.0.19041.1110_none_60b5254171f9507e;C:\Program Files\AdoptOpenJDK\jdk-11.0.8.10-hotspot\bin\server;C:\Users\remi\AppData\Local\Temp\libgdxremi\12dfaa03;C:\Users\remi\AppData\Local\Temp\libgdxremi\dc0f0009;C:\Program Files (x86)\WinSplit Revolution;C:\WINDOWS\System32\DriverStore\FileRepository\64zh8682.inf_amd64_ad04d90b4a2ec5da;C:\Users\remi\AppData\Local\Temp\libgdxremi\a04a55a;C:\Users\remi\AppData\Local\Temp\libgdxremi\db0e5263;C:\Users\remi\AppData\Local\Temp\libgdxremi\54593449

VM Arguments:
java_command: Main.PokeHES
java_class_path (initial): C:\Users\remi\AppData\Roaming\Code\User\workspaceStorage\6371cab8b1922ac8ed87f23d729786bf\redhat.java\jdt_ws\PokeHES_c488db70\bin;c:\Users\remi\OneDrive\Documents\Cours\05-HEVS\S2fb\informatic\vscode\PokeHES\lib\accordion-1.2.0-jar-with-dependencies.jar;c:\Users\remi\OneDrive\Documents\Cours\05-HEVS\S2fb\informatic\vscode\PokeHES\lib\gdx2d-desktop-1.2.2.jar
Launcher Type: SUN_STANDARD

[Global flags]
     intx CICompilerCount                          = 4                                         {product} {ergonomic}
     uint ConcGCThreads                            = 2                                         {product} {ergonomic}
     uint G1ConcRefinementThreads                  = 8                                         {product} {ergonomic}
   size_t G1HeapRegionSize                         = 1048576                                   {product} {ergonomic}
    uintx GCDrainStackTargetSize                   = 64                                        {product} {ergonomic}
   size_t InitialHeapSize                          = 268435456                                 {product} {ergonomic}
   size_t MarkStackSize                            = 4194304                                   {product} {ergonomic}
   size_t MaxHeapSize                              = 4273995776                                {product} {ergonomic}
   size_t MaxNewSize                               = 2563768320                                {product} {ergonomic}
   size_t MinHeapDeltaBytes                        = 1048576                                   {product} {ergonomic}
    uintx NonNMethodCodeHeapSize                   = 5836300                                {pd product} {ergonomic}
    uintx NonProfiledCodeHeapSize                  = 122910970                              {pd product} {ergonomic}
    uintx ProfiledCodeHeapSize                     = 122910970                              {pd product} {ergonomic}
    uintx ReservedCodeCacheSize                    = 251658240                              {pd product} {ergonomic}
     bool SegmentedCodeCache                       = true                                      {product} {ergonomic}
     bool UseCompressedClassPointers               = true                                 {lp64_product} {ergonomic}
     bool UseCompressedOops                        = true                                 {lp64_product} {ergonomic}
     bool UseG1GC                                  = true                                      {product} {ergonomic}
     bool UseLargePagesIndividualAllocation        = false                                  {pd product} {ergonomic}

Logging:
Log output configuration:
 #0: stdout all=warning uptime,level,tags
 #1: stderr all=off uptime,level,tags

Environment Variables:
JAVA_HOME=C:\Program Files\AdoptOpenJDK\jdk-11.0.8.10-hotspot\
PATH=C:\Program Files\AdoptOpenJDK\jdk-11.0.8.10-hotspot\bin;C:\Windows\system32;C:\Windows;C:\Windows\System32\Wbem;C:\Windows\System32\WindowsPowerShell\v1.0\;C:\Windows\System32\OpenSSH\;C:\Program Files\Git\cmd;C:\Program Files\Pandoc\;C:\Program Files\Calibre2\;C:\Program Files (x86)\Pico Technology\PicoScope6\;C:\Program Files\Novell\iPrint;C:\WINDOWS\system32;C:\WINDOWS;C:\WINDOWS\System32\Wbem;C:\WINDOWS\System32\WindowsPowerShell\v1.0\;C:\WINDOWS\System32\OpenSSH\;C:\Program Files (x86)\Pulse Secure\VC142.CRT\X64\;C:\Program Files (x86)\Pulse Secure\VC142.CRT\X86\;C:\Program Files\NVIDIA Corporation\NVIDIA NvDLISR;C:\Program Files\Microsoft SQL Server\120\Tools\Binn\;C:\WINDOWS\system32;C:\WINDOWS;C:\WINDOWS\System32\Wbem;C:\WINDOWS\System32\WindowsPowerShell\v1.0\;C:\WINDOWS\System32\OpenSSH\;C:\Program Files\dotnet\;C:\Program Files\nodejs\;C:\Program Files\MVTec\HALCON-20.11-Steady\bin\x64-win64;C:\Program Files (x86)\dotnet\;C:\Users\remi\AppData\Local\Programs\Python\Python310\Scripts\;C:\Users\remi\AppData\Local\Programs\Python\Python310\;C:\Users\remi\AppData\Local\Microsoft\WindowsApps;C:\Users\remi\AppData\Local\Programs\Microsoft VS Code\bin;C:\Users\remi\AppData\Local\GitHubDesktop\bin;C:\Users\remi\AppData\Roaming\npm;C:\Program Files\JetBrains\IntelliJ IDEA Community Edition 2022.1.2\bin;
USERNAME=remi
LANG=fr_FR.UTF-8
OS=Windows_NT
PROCESSOR_IDENTIFIER=Intel64 Family 6 Model 142 Stepping 10, GenuineIntel



---------------  S Y S T E M  ---------------

OS: Windows 10 , 64 bit Build 19041 (10.0.19041.1706)
OS uptime: 9 days 16:29 hours

CPU:total 8 (initial active 8) (4 cores per cpu, 2 threads per core) family 6 model 142 stepping 10, cmov, cx8, fxsr, mmx, sse, sse2, sse3, ssse3, sse4.1, sse4.2, popcnt, avx, avx2, aes, clmul, erms, rtm, 3dnowpref, lzcnt, ht, tsc, tscinvbit, bmi1, bmi2, adx, fma

Memory: 4k page, system-wide physical 16301M (4680M free)
TotalPageFile size 28293M (AvailPageFile size 8946M)
current process WorkingSet (physical memory assigned to process): 1038M, peak: 1038M
current process commit charge ("private bytes"): 1061M, peak: 1061M

vm_info: OpenJDK 64-Bit Server VM (11.0.8+10) for windows-amd64 JRE (11.0.8+10), built on Jul 15 2020 11:45:54 by "" with MS VC++ 15.9 (VS2017)

END.
